Running: /opt/Xilinx/14.7/ISE_DS/ISE/bin/lin64/unwrapped/fuse -intstyle ise -incremental -lib simprims_ver -lib unisims_ver -lib unimacro_ver -lib xilinxcorelib_ver -lib secureip -o /home/ise/NTUST_Advanced_Computer_Algorithms/fft/fft_tb_isim_par.exe -prj /home/ise/NTUST_Advanced_Computer_Algorithms/fft/fft_tb_par.prj fft_tb work.glbl 
ISim P.20131013 (signature 0xfbc00daa)
Number of CPUs detected in this system: 1
Turning on mult-threading, number of parallel sub-compilation jobs: 0 
Determining compilation order of HDL files
Analyzing Verilog file "/home/ise/NTUST_Advanced_Computer_Algorithms/fft/netgen/par/fft_timesim.v" into library work
Analyzing Verilog file "/home/ise/NTUST_Advanced_Computer_Algorithms/fft/fft_tb.v" into library work
Starting static elaboration
Completed static elaboration
Fuse Memory Usage: 265048 KB
Fuse CPU Usage: 1970 ms
Compiling module X_BUF
Compiling module X_ZERO
Compiling module X_AND2B1L
Compiling module X_LUT6(INIT=64'b0111100110000111...
Compiling module X_LUT5(INIT=32'b1111111111001100...
Compiling module X_ONE
Compiling module X_CARRY4
Compiling module X_OPAD
Compiling module X_OBUF
Compiling module X_IPAD
Compiling module X_IBUF_INTERMDISABLE_TPWRGT(LOC=...
Compiling module X_CKBUF
Compiling module latchsre
Compiling module X_LATCHE
Compiling module ffsrce
Compiling module X_FF
Compiling module mux
Compiling module X_MUX2
Compiling module sffsrce
Compiling module X_SFF
Compiling module fft
Compiling module fft_tb
Compiling module glbl
Time Resolution for simulation is 1ps.
Compiled 5900 Verilog Units
Built simulation executable /home/ise/NTUST_Advanced_Computer_Algorithms/fft/fft_tb_isim_par.exe
Fuse Memory Usage: 372468 KB
Fuse CPU Usage: 47840 ms
GCC CPU Usage: 10940 ms
