--------------------------------------------------------------------------------
Release 14.7 Trace  (lin64)
Copyright (c) 1995-2013 Xilinx, Inc.  All rights reserved.

/opt/Xilinx/14.7/ISE_DS/ISE/bin/lin64/unwrapped/trce -intstyle ise -v 3 -s 2 -n
3 -fastpaths -xml mux.twx mux.ncd -o mux.twr mux.pcf

Design file:              mux.ncd
Physical constraint file: mux.pcf
Device,package,speed:     xc7vx330t,ffg1157,C,-2 (PRODUCTION 1.10 2013-10-13)
Report level:             verbose report

Environment Variable      Effect 
--------------------      ------ 
NONE                      No environment variables were set
--------------------------------------------------------------------------------

INFO:Timing:2698 - No timing constraints found, doing default enumeration.
INFO:Timing:3412 - To improve timing, see the Timing Closure User Guide (UG612).
INFO:Timing:2752 - To get complete path coverage, use the unconstrained paths 
   option. All paths that are not constrained will be reported in the 
   unconstrained paths section(s) of the report.
INFO:Timing:3339 - The clock-to-out numbers in this timing report are based on 
   a 50 Ohm transmission line loading model.  For the details of this model, 
   and for more information on accounting for different loading conditions, 
   please see the device datasheet.



Data Sheet report:
-----------------
All values displayed in nanoseconds (ns)

Setup/Hold to clock clk
------------+------------+------------+------------+------------+------------------+--------+
            |Max Setup to|  Process   |Max Hold to |  Process   |                  | Clock  |
Source      | clk (edge) |   Corner   | clk (edge) |   Corner   |Internal Clock(s) | Phase  |
------------+------------+------------+------------+------------+------------------+--------+
rst_n       |    0.628(R)|      FAST  |    0.749(R)|      SLOW  |clk_BUFGP         |   0.000|
------------+------------+------------+------------+------------+------------------+--------+

Clock clk to Pad
-------------+-----------------+------------+-----------------+------------+------------------+--------+
             |Max (slowest) clk|  Process   |Min (fastest) clk|  Process   |                  | Clock  |
Destination  |  (edge) to PAD  |   Corner   |  (edge) to PAD  |   Corner   |Internal Clock(s) | Phase  |
-------------+-----------------+------------+-----------------+------------+------------------+--------+
data_out<0>  |         9.648(R)|      SLOW  |         4.500(R)|      FAST  |clk_BUFGP         |   0.000|
data_out<1>  |        11.241(R)|      SLOW  |         5.356(R)|      FAST  |clk_BUFGP         |   0.000|
data_out<2>  |        11.138(R)|      SLOW  |         5.298(R)|      FAST  |clk_BUFGP         |   0.000|
data_out<3>  |        11.041(R)|      SLOW  |         5.244(R)|      FAST  |clk_BUFGP         |   0.000|
data_out<4>  |        10.699(R)|      SLOW  |         5.074(R)|      FAST  |clk_BUFGP         |   0.000|
data_out<5>  |        10.711(R)|      SLOW  |         5.048(R)|      FAST  |clk_BUFGP         |   0.000|
data_out<6>  |        10.592(R)|      SLOW  |         5.009(R)|      FAST  |clk_BUFGP         |   0.000|
data_out<7>  |        10.660(R)|      SLOW  |         5.032(R)|      FAST  |clk_BUFGP         |   0.000|
data_out<8>  |        10.555(R)|      SLOW  |         4.991(R)|      FAST  |clk_BUFGP         |   0.000|
data_out<9>  |        10.536(R)|      SLOW  |         4.974(R)|      FAST  |clk_BUFGP         |   0.000|
data_out<10> |        10.558(R)|      SLOW  |         4.992(R)|      FAST  |clk_BUFGP         |   0.000|
data_out<11> |        10.545(R)|      SLOW  |         4.972(R)|      FAST  |clk_BUFGP         |   0.000|
data_out<12> |        11.003(R)|      SLOW  |         5.241(R)|      FAST  |clk_BUFGP         |   0.000|
data_out<13> |        10.983(R)|      SLOW  |         5.242(R)|      FAST  |clk_BUFGP         |   0.000|
data_out<14> |        10.678(R)|      SLOW  |         5.066(R)|      FAST  |clk_BUFGP         |   0.000|
data_out<15> |        10.714(R)|      SLOW  |         5.072(R)|      FAST  |clk_BUFGP         |   0.000|
data_out<16> |        11.769(R)|      SLOW  |         5.701(R)|      FAST  |clk_BUFGP         |   0.000|
data_out<17> |        11.584(R)|      SLOW  |         5.567(R)|      FAST  |clk_BUFGP         |   0.000|
data_out<18> |        11.639(R)|      SLOW  |         5.620(R)|      FAST  |clk_BUFGP         |   0.000|
data_out<19> |        11.672(R)|      SLOW  |         5.634(R)|      FAST  |clk_BUFGP         |   0.000|
data_out<20> |        11.515(R)|      SLOW  |         5.561(R)|      FAST  |clk_BUFGP         |   0.000|
data_out<21> |        11.376(R)|      SLOW  |         5.491(R)|      FAST  |clk_BUFGP         |   0.000|
data_out<22> |        11.345(R)|      SLOW  |         5.465(R)|      FAST  |clk_BUFGP         |   0.000|
data_out<23> |        11.652(R)|      SLOW  |         5.777(R)|      FAST  |clk_BUFGP         |   0.000|
data_out<24> |        11.136(R)|      SLOW  |         5.332(R)|      FAST  |clk_BUFGP         |   0.000|
data_out<25> |        11.052(R)|      SLOW  |         5.314(R)|      FAST  |clk_BUFGP         |   0.000|
data_out<26> |        11.005(R)|      SLOW  |         5.248(R)|      FAST  |clk_BUFGP         |   0.000|
data_out<27> |        11.005(R)|      SLOW  |         5.249(R)|      FAST  |clk_BUFGP         |   0.000|
data_out<28> |        10.528(R)|      SLOW  |         4.971(R)|      FAST  |clk_BUFGP         |   0.000|
data_out<29> |         9.472(R)|      SLOW  |         4.378(R)|      FAST  |clk_BUFGP         |   0.000|
data_out<30> |        10.827(R)|      SLOW  |         5.145(R)|      FAST  |clk_BUFGP         |   0.000|
data_out<31> |        10.634(R)|      SLOW  |         5.000(R)|      FAST  |clk_BUFGP         |   0.000|
data_out<32> |         9.757(R)|      SLOW  |         4.532(R)|      FAST  |clk_BUFGP         |   0.000|
data_out<33> |        10.589(R)|      SLOW  |         5.098(R)|      FAST  |clk_BUFGP         |   0.000|
data_out<34> |        11.738(R)|      SLOW  |         5.861(R)|      FAST  |clk_BUFGP         |   0.000|
data_out<35> |        10.746(R)|      SLOW  |         5.070(R)|      FAST  |clk_BUFGP         |   0.000|
data_out<36> |        10.938(R)|      SLOW  |         5.190(R)|      FAST  |clk_BUFGP         |   0.000|
data_out<37> |        11.051(R)|      SLOW  |         5.216(R)|      FAST  |clk_BUFGP         |   0.000|
data_out<38> |        10.582(R)|      SLOW  |         5.114(R)|      FAST  |clk_BUFGP         |   0.000|
data_out<39> |        10.488(R)|      SLOW  |         4.958(R)|      FAST  |clk_BUFGP         |   0.000|
data_out<40> |        10.497(R)|      SLOW  |         4.923(R)|      FAST  |clk_BUFGP         |   0.000|
data_out<41> |        10.698(R)|      SLOW  |         5.077(R)|      FAST  |clk_BUFGP         |   0.000|
data_out<42> |        10.555(R)|      SLOW  |         4.987(R)|      FAST  |clk_BUFGP         |   0.000|
data_out<43> |        10.980(R)|      SLOW  |         5.241(R)|      FAST  |clk_BUFGP         |   0.000|
data_out<44> |        10.258(R)|      SLOW  |         4.815(R)|      FAST  |clk_BUFGP         |   0.000|
data_out<45> |        10.700(R)|      SLOW  |         5.117(R)|      FAST  |clk_BUFGP         |   0.000|
data_out<46> |        11.369(R)|      SLOW  |         5.579(R)|      FAST  |clk_BUFGP         |   0.000|
data_out<47> |        11.134(R)|      SLOW  |         5.473(R)|      FAST  |clk_BUFGP         |   0.000|
data_out<48> |        11.052(R)|      SLOW  |         5.255(R)|      FAST  |clk_BUFGP         |   0.000|
data_out<49> |        11.201(R)|      SLOW  |         5.502(R)|      FAST  |clk_BUFGP         |   0.000|
data_out<50> |        10.522(R)|      SLOW  |         5.021(R)|      FAST  |clk_BUFGP         |   0.000|
data_out<51> |        10.444(R)|      SLOW  |         4.995(R)|      FAST  |clk_BUFGP         |   0.000|
data_out<52> |        11.162(R)|      SLOW  |         5.421(R)|      FAST  |clk_BUFGP         |   0.000|
data_out<53> |        10.670(R)|      SLOW  |         5.110(R)|      FAST  |clk_BUFGP         |   0.000|
data_out<54> |        11.662(R)|      SLOW  |         5.664(R)|      FAST  |clk_BUFGP         |   0.000|
data_out<55> |        12.575(R)|      SLOW  |         6.179(R)|      FAST  |clk_BUFGP         |   0.000|
data_out<56> |        11.166(R)|      SLOW  |         5.365(R)|      FAST  |clk_BUFGP         |   0.000|
data_out<57> |        12.920(R)|      SLOW  |         6.376(R)|      FAST  |clk_BUFGP         |   0.000|
data_out<58> |        12.858(R)|      SLOW  |         6.348(R)|      FAST  |clk_BUFGP         |   0.000|
data_out<59> |        12.933(R)|      SLOW  |         6.394(R)|      FAST  |clk_BUFGP         |   0.000|
data_out<60> |        13.510(R)|      SLOW  |         6.917(R)|      FAST  |clk_BUFGP         |   0.000|
data_out<61> |        12.842(R)|      SLOW  |         6.343(R)|      FAST  |clk_BUFGP         |   0.000|
data_out<62> |        13.362(R)|      SLOW  |         6.619(R)|      FAST  |clk_BUFGP         |   0.000|
data_out<63> |        13.345(R)|      SLOW  |         6.666(R)|      FAST  |clk_BUFGP         |   0.000|
data_out<64> |        13.487(R)|      SLOW  |         6.679(R)|      FAST  |clk_BUFGP         |   0.000|
data_out<65> |        13.195(R)|      SLOW  |         6.578(R)|      FAST  |clk_BUFGP         |   0.000|
data_out<66> |        13.134(R)|      SLOW  |         6.546(R)|      FAST  |clk_BUFGP         |   0.000|
data_out<67> |        13.637(R)|      SLOW  |         6.780(R)|      FAST  |clk_BUFGP         |   0.000|
data_out<68> |        11.493(R)|      SLOW  |         5.562(R)|      FAST  |clk_BUFGP         |   0.000|
data_out<69> |        13.400(R)|      SLOW  |         6.659(R)|      FAST  |clk_BUFGP         |   0.000|
data_out<70> |        11.918(R)|      SLOW  |         5.883(R)|      FAST  |clk_BUFGP         |   0.000|
data_out<71> |        12.194(R)|      SLOW  |         6.226(R)|      FAST  |clk_BUFGP         |   0.000|
data_out<72> |        11.548(R)|      SLOW  |         5.662(R)|      FAST  |clk_BUFGP         |   0.000|
data_out<73> |        12.595(R)|      SLOW  |         6.528(R)|      FAST  |clk_BUFGP         |   0.000|
data_out<74> |        12.045(R)|      SLOW  |         6.158(R)|      FAST  |clk_BUFGP         |   0.000|
data_out<75> |        11.576(R)|      SLOW  |         5.683(R)|      FAST  |clk_BUFGP         |   0.000|
data_out<76> |        11.882(R)|      SLOW  |         5.866(R)|      FAST  |clk_BUFGP         |   0.000|
data_out<77> |        11.631(R)|      SLOW  |         5.806(R)|      FAST  |clk_BUFGP         |   0.000|
data_out<78> |        11.504(R)|      SLOW  |         5.601(R)|      FAST  |clk_BUFGP         |   0.000|
data_out<79> |        15.034(R)|      SLOW  |         7.643(R)|      FAST  |clk_BUFGP         |   0.000|
data_out<80> |        13.410(R)|      SLOW  |         6.570(R)|      FAST  |clk_BUFGP         |   0.000|
data_out<81> |        13.260(R)|      SLOW  |         6.509(R)|      FAST  |clk_BUFGP         |   0.000|
data_out<82> |        13.915(R)|      SLOW  |         7.065(R)|      FAST  |clk_BUFGP         |   0.000|
data_out<83> |        14.634(R)|      SLOW  |         7.363(R)|      FAST  |clk_BUFGP         |   0.000|
data_out<84> |        13.669(R)|      SLOW  |         6.945(R)|      FAST  |clk_BUFGP         |   0.000|
data_out<85> |        13.830(R)|      SLOW  |         7.088(R)|      FAST  |clk_BUFGP         |   0.000|
data_out<86> |        11.684(R)|      SLOW  |         5.617(R)|      FAST  |clk_BUFGP         |   0.000|
data_out<87> |        11.638(R)|      SLOW  |         5.663(R)|      FAST  |clk_BUFGP         |   0.000|
data_out<88> |        13.566(R)|      SLOW  |         6.656(R)|      FAST  |clk_BUFGP         |   0.000|
data_out<89> |        12.604(R)|      SLOW  |         6.322(R)|      FAST  |clk_BUFGP         |   0.000|
data_out<90> |        13.415(R)|      SLOW  |         6.583(R)|      FAST  |clk_BUFGP         |   0.000|
data_out<91> |        13.815(R)|      SLOW  |         7.019(R)|      FAST  |clk_BUFGP         |   0.000|
data_out<92> |        14.169(R)|      SLOW  |         7.151(R)|      FAST  |clk_BUFGP         |   0.000|
data_out<93> |        13.331(R)|      SLOW  |         6.551(R)|      FAST  |clk_BUFGP         |   0.000|
data_out<94> |        14.086(R)|      SLOW  |         7.096(R)|      FAST  |clk_BUFGP         |   0.000|
data_out<95> |        13.532(R)|      SLOW  |         6.611(R)|      FAST  |clk_BUFGP         |   0.000|
data_out<96> |        13.023(R)|      SLOW  |         6.428(R)|      FAST  |clk_BUFGP         |   0.000|
data_out<97> |        13.588(R)|      SLOW  |         6.675(R)|      FAST  |clk_BUFGP         |   0.000|
data_out<98> |        13.336(R)|      SLOW  |         6.610(R)|      FAST  |clk_BUFGP         |   0.000|
data_out<99> |        13.274(R)|      SLOW  |         6.627(R)|      FAST  |clk_BUFGP         |   0.000|
data_out<100>|        11.787(R)|      SLOW  |         5.676(R)|      FAST  |clk_BUFGP         |   0.000|
data_out<101>|        11.689(R)|      SLOW  |         5.624(R)|      FAST  |clk_BUFGP         |   0.000|
data_out<102>|        12.140(R)|      SLOW  |         5.879(R)|      FAST  |clk_BUFGP         |   0.000|
data_out<103>|        12.391(R)|      SLOW  |         6.016(R)|      FAST  |clk_BUFGP         |   0.000|
data_out<104>|        11.952(R)|      SLOW  |         5.791(R)|      FAST  |clk_BUFGP         |   0.000|
data_out<105>|        11.651(R)|      SLOW  |         5.593(R)|      FAST  |clk_BUFGP         |   0.000|
data_out<106>|        11.878(R)|      SLOW  |         5.935(R)|      FAST  |clk_BUFGP         |   0.000|
data_out<107>|        11.914(R)|      SLOW  |         5.817(R)|      FAST  |clk_BUFGP         |   0.000|
data_out<108>|        11.926(R)|      SLOW  |         5.906(R)|      FAST  |clk_BUFGP         |   0.000|
data_out<109>|        11.300(R)|      SLOW  |         5.413(R)|      FAST  |clk_BUFGP         |   0.000|
data_out<110>|        11.998(R)|      SLOW  |         6.013(R)|      FAST  |clk_BUFGP         |   0.000|
data_out<111>|        12.441(R)|      SLOW  |         6.162(R)|      FAST  |clk_BUFGP         |   0.000|
data_out<112>|        11.619(R)|      SLOW  |         5.574(R)|      FAST  |clk_BUFGP         |   0.000|
data_out<113>|        11.633(R)|      SLOW  |         5.630(R)|      FAST  |clk_BUFGP         |   0.000|
data_out<114>|        11.918(R)|      SLOW  |         5.744(R)|      FAST  |clk_BUFGP         |   0.000|
data_out<115>|        12.134(R)|      SLOW  |         5.852(R)|      FAST  |clk_BUFGP         |   0.000|
data_out<116>|        12.285(R)|      SLOW  |         5.957(R)|      FAST  |clk_BUFGP         |   0.000|
data_out<117>|        11.700(R)|      SLOW  |         5.588(R)|      FAST  |clk_BUFGP         |   0.000|
data_out<118>|        14.139(R)|      SLOW  |         7.031(R)|      FAST  |clk_BUFGP         |   0.000|
data_out<119>|        12.083(R)|      SLOW  |         6.071(R)|      FAST  |clk_BUFGP         |   0.000|
data_out<120>|        14.917(R)|      SLOW  |         7.598(R)|      FAST  |clk_BUFGP         |   0.000|
data_out<121>|        14.710(R)|      SLOW  |         7.524(R)|      FAST  |clk_BUFGP         |   0.000|
data_out<122>|        14.505(R)|      SLOW  |         7.484(R)|      FAST  |clk_BUFGP         |   0.000|
data_out<123>|        15.240(R)|      SLOW  |         7.820(R)|      FAST  |clk_BUFGP         |   0.000|
data_out<124>|        14.966(R)|      SLOW  |         7.672(R)|      FAST  |clk_BUFGP         |   0.000|
data_out<125>|        15.667(R)|      SLOW  |         7.984(R)|      FAST  |clk_BUFGP         |   0.000|
data_out<126>|        14.163(R)|      SLOW  |         7.037(R)|      FAST  |clk_BUFGP         |   0.000|
data_out<127>|        13.592(R)|      SLOW  |         6.731(R)|      FAST  |clk_BUFGP         |   0.000|
data_out<128>|        13.667(R)|      SLOW  |         6.702(R)|      FAST  |clk_BUFGP         |   0.000|
data_out<129>|        10.858(R)|      SLOW  |         5.165(R)|      FAST  |clk_BUFGP         |   0.000|
data_out<130>|        10.552(R)|      SLOW  |         4.961(R)|      FAST  |clk_BUFGP         |   0.000|
data_out<131>|        10.236(R)|      SLOW  |         4.781(R)|      FAST  |clk_BUFGP         |   0.000|
data_out<132>|        10.251(R)|      SLOW  |         4.815(R)|      FAST  |clk_BUFGP         |   0.000|
data_out<133>|        11.292(R)|      SLOW  |         5.495(R)|      FAST  |clk_BUFGP         |   0.000|
data_out<134>|        10.857(R)|      SLOW  |         5.170(R)|      FAST  |clk_BUFGP         |   0.000|
data_out<135>|        11.579(R)|      SLOW  |         5.792(R)|      FAST  |clk_BUFGP         |   0.000|
-------------+-----------------+------------+-----------------+------------+------------------+--------+

Clock to Setup on destination clock clk
---------------+---------+---------+---------+---------+
               | Src:Rise| Src:Fall| Src:Rise| Src:Fall|
Source Clock   |Dest:Rise|Dest:Rise|Dest:Fall|Dest:Fall|
---------------+---------+---------+---------+---------+
clk            |    0.616|         |         |         |
---------------+---------+---------+---------+---------+

Pad to Pad
---------------+---------------+---------+
Source Pad     |Destination Pad|  Delay  |
---------------+---------------+---------+
data_in_1<0>   |data_out<0>    |    7.197|
data_in_1<1>   |data_out<1>    |    6.498|
data_in_1<2>   |data_out<2>    |    5.963|
data_in_1<3>   |data_out<3>    |    6.191|
data_in_1<4>   |data_out<4>    |    6.826|
data_in_1<5>   |data_out<5>    |    6.247|
data_in_1<6>   |data_out<6>    |    6.299|
data_in_1<7>   |data_out<7>    |    6.404|
data_in_1<8>   |data_out<8>    |    6.068|
data_in_1<9>   |data_out<9>    |    6.229|
data_in_1<10>  |data_out<10>   |    6.205|
data_in_1<11>  |data_out<11>   |    6.099|
data_in_1<12>  |data_out<12>   |    5.781|
data_in_1<13>  |data_out<13>   |    5.923|
data_in_1<14>  |data_out<14>   |    6.153|
data_in_1<15>  |data_out<15>   |    5.452|
data_in_1<16>  |data_out<16>   |    5.531|
data_in_1<17>  |data_out<17>   |    5.146|
data_in_1<18>  |data_out<18>   |    5.057|
data_in_1<19>  |data_out<19>   |    5.057|
data_in_1<20>  |data_out<20>   |    5.217|
data_in_1<21>  |data_out<21>   |    5.501|
data_in_1<22>  |data_out<22>   |    5.089|
data_in_1<23>  |data_out<23>   |    5.686|
data_in_1<24>  |data_out<24>   |    5.000|
data_in_1<25>  |data_out<25>   |    5.245|
data_in_1<26>  |data_out<26>   |    5.084|
data_in_1<27>  |data_out<27>   |    5.409|
data_in_1<28>  |data_out<28>   |    5.038|
data_in_1<29>  |data_out<29>   |    6.139|
data_in_1<30>  |data_out<30>   |    6.918|
data_in_1<31>  |data_out<31>   |    6.826|
data_in_1<32>  |data_out<32>   |    6.007|
data_in_1<33>  |data_out<33>   |    7.359|
data_in_1<34>  |data_out<34>   |    8.061|
data_in_1<35>  |data_out<35>   |    6.518|
data_in_1<36>  |data_out<36>   |    7.352|
data_in_1<37>  |data_out<37>   |    7.122|
data_in_1<38>  |data_out<38>   |    7.309|
data_in_1<39>  |data_out<39>   |    7.111|
data_in_1<40>  |data_out<40>   |    7.123|
data_in_1<41>  |data_out<41>   |    7.293|
data_in_1<42>  |data_out<42>   |    6.917|
data_in_1<43>  |data_out<43>   |    7.397|
data_in_1<44>  |data_out<44>   |    6.831|
data_in_1<45>  |data_out<45>   |    6.982|
data_in_1<46>  |data_out<46>   |    7.218|
data_in_1<47>  |data_out<47>   |    7.401|
data_in_1<48>  |data_out<48>   |    7.133|
data_in_1<49>  |data_out<49>   |    7.405|
data_in_1<50>  |data_out<50>   |    7.008|
data_in_1<51>  |data_out<51>   |    6.897|
data_in_1<52>  |data_out<52>   |    7.184|
data_in_1<53>  |data_out<53>   |    7.155|
data_in_1<54>  |data_out<54>   |    6.730|
data_in_1<55>  |data_out<55>   |    5.621|
data_in_1<56>  |data_out<56>   |    6.710|
data_in_1<57>  |data_out<57>   |    5.497|
data_in_1<58>  |data_out<58>   |    5.459|
data_in_1<59>  |data_out<59>   |    5.231|
data_in_1<60>  |data_out<60>   |    5.730|
data_in_1<61>  |data_out<61>   |    5.439|
data_in_1<62>  |data_out<62>   |    5.489|
data_in_1<63>  |data_out<63>   |    5.487|
data_in_1<64>  |data_out<64>   |    5.544|
data_in_1<65>  |data_out<65>   |    5.502|
data_in_1<66>  |data_out<66>   |    5.444|
data_in_1<67>  |data_out<67>   |    5.478|
data_in_1<68>  |data_out<68>   |    7.128|
data_in_1<69>  |data_out<69>   |    5.587|
data_in_1<70>  |data_out<70>   |    7.540|
data_in_1<71>  |data_out<71>   |    7.643|
data_in_1<72>  |data_out<72>   |    7.284|
data_in_1<73>  |data_out<73>   |    8.730|
data_in_1<74>  |data_out<74>   |    8.061|
data_in_1<75>  |data_out<75>   |    7.167|
data_in_1<76>  |data_out<76>   |    7.187|
data_in_1<77>  |data_out<77>   |    7.416|
data_in_1<78>  |data_out<78>   |    7.538|
data_in_1<79>  |data_out<79>   |    7.225|
data_in_1<80>  |data_out<80>   |    6.756|
data_in_1<81>  |data_out<81>   |    6.616|
data_in_1<82>  |data_out<82>   |    7.197|
data_in_1<83>  |data_out<83>   |    7.530|
data_in_1<84>  |data_out<84>   |    7.140|
data_in_1<85>  |data_out<85>   |    7.866|
data_in_1<86>  |data_out<86>   |    8.099|
data_in_1<87>  |data_out<87>   |    8.423|
data_in_1<88>  |data_out<88>   |    6.657|
data_in_1<89>  |data_out<89>   |    8.894|
data_in_1<90>  |data_out<90>   |    6.538|
data_in_1<91>  |data_out<91>   |    7.330|
data_in_1<92>  |data_out<92>   |    6.494|
data_in_1<93>  |data_out<93>   |    6.023|
data_in_1<94>  |data_out<94>   |    6.371|
data_in_1<95>  |data_out<95>   |    6.131|
data_in_1<96>  |data_out<96>   |    5.791|
data_in_1<97>  |data_out<97>   |    6.370|
data_in_1<98>  |data_out<98>   |    5.843|
data_in_1<99>  |data_out<99>   |    6.283|
data_in_1<100> |data_out<100>  |    7.311|
data_in_1<101> |data_out<101>  |    7.307|
data_in_1<102> |data_out<102>  |    7.436|
data_in_1<103> |data_out<103>  |    7.563|
data_in_1<104> |data_out<104>  |    7.622|
data_in_1<105> |data_out<105>  |    7.619|
data_in_1<106> |data_out<106>  |    8.332|
data_in_1<107> |data_out<107>  |    7.650|
data_in_1<108> |data_out<108>  |    8.054|
data_in_1<109> |data_out<109>  |    7.421|
data_in_1<110> |data_out<110>  |    8.056|
data_in_1<111> |data_out<111>  |    8.071|
data_in_1<112> |data_out<112>  |    7.652|
data_in_1<113> |data_out<113>  |    7.549|
data_in_1<114> |data_out<114>  |    7.792|
data_in_1<115> |data_out<115>  |    7.530|
data_in_1<116> |data_out<116>  |    7.731|
data_in_1<117> |data_out<117>  |    7.390|
data_in_1<118> |data_out<118>  |    6.024|
data_in_1<119> |data_out<119>  |    8.559|
data_in_1<120> |data_out<120>  |    7.004|
data_in_1<121> |data_out<121>  |    6.580|
data_in_1<122> |data_out<122>  |    6.569|
data_in_1<123> |data_out<123>  |    6.470|
data_in_1<124> |data_out<124>  |    6.353|
data_in_1<125> |data_out<125>  |    6.730|
data_in_1<126> |data_out<126>  |    6.120|
data_in_1<127> |data_out<127>  |    6.326|
data_in_1<128> |data_out<128>  |    6.265|
data_in_1<129> |data_out<129>  |    7.448|
data_in_1<130> |data_out<130>  |    6.676|
data_in_1<131> |data_out<131>  |    6.419|
data_in_1<132> |data_out<132>  |    6.527|
data_in_1<133> |data_out<133>  |    7.901|
data_in_1<134> |data_out<134>  |    7.085|
data_in_1<135> |data_out<135>  |    8.323|
data_in_2<0>   |data_out<0>    |    7.618|
data_in_2<1>   |data_out<1>    |    6.569|
data_in_2<2>   |data_out<2>    |    6.469|
data_in_2<3>   |data_out<3>    |    6.653|
data_in_2<4>   |data_out<4>    |    6.512|
data_in_2<5>   |data_out<5>    |    6.746|
data_in_2<6>   |data_out<6>    |    6.885|
data_in_2<7>   |data_out<7>    |    6.671|
data_in_2<8>   |data_out<8>    |    6.619|
data_in_2<9>   |data_out<9>    |    6.651|
data_in_2<10>  |data_out<10>   |    6.694|
data_in_2<11>  |data_out<11>   |    6.685|
data_in_2<12>  |data_out<12>   |    6.479|
data_in_2<13>  |data_out<13>   |    6.403|
data_in_2<14>  |data_out<14>   |    6.719|
data_in_2<15>  |data_out<15>   |    6.611|
data_in_2<16>  |data_out<16>   |    6.817|
data_in_2<17>  |data_out<17>   |    6.700|
data_in_2<18>  |data_out<18>   |    6.596|
data_in_2<19>  |data_out<19>   |    6.596|
data_in_2<20>  |data_out<20>   |    6.642|
data_in_2<21>  |data_out<21>   |    6.937|
data_in_2<22>  |data_out<22>   |    6.499|
data_in_2<23>  |data_out<23>   |    7.330|
data_in_2<24>  |data_out<24>   |    6.350|
data_in_2<25>  |data_out<25>   |    6.812|
data_in_2<26>  |data_out<26>   |    6.516|
data_in_2<27>  |data_out<27>   |    6.734|
data_in_2<28>  |data_out<28>   |    6.420|
data_in_2<29>  |data_out<29>   |    6.851|
data_in_2<30>  |data_out<30>   |    7.850|
data_in_2<31>  |data_out<31>   |    7.747|
data_in_2<32>  |data_out<32>   |    7.262|
data_in_2<33>  |data_out<33>   |    8.340|
data_in_2<34>  |data_out<34>   |    8.478|
data_in_2<35>  |data_out<35>   |    6.894|
data_in_2<36>  |data_out<36>   |    8.168|
data_in_2<37>  |data_out<37>   |    8.257|
data_in_2<38>  |data_out<38>   |    8.567|
data_in_2<39>  |data_out<39>   |    8.717|
data_in_2<40>  |data_out<40>   |    8.124|
data_in_2<41>  |data_out<41>   |    8.320|
data_in_2<42>  |data_out<42>   |    8.288|
data_in_2<43>  |data_out<43>   |    8.222|
data_in_2<44>  |data_out<44>   |    8.144|
data_in_2<45>  |data_out<45>   |    8.611|
data_in_2<46>  |data_out<46>   |    8.262|
data_in_2<47>  |data_out<47>   |    8.419|
data_in_2<48>  |data_out<48>   |    7.845|
data_in_2<49>  |data_out<49>   |    8.387|
data_in_2<50>  |data_out<50>   |    7.659|
data_in_2<51>  |data_out<51>   |    7.363|
data_in_2<52>  |data_out<52>   |    7.004|
data_in_2<53>  |data_out<53>   |    7.452|
data_in_2<54>  |data_out<54>   |    7.141|
data_in_2<55>  |data_out<55>   |    6.250|
data_in_2<56>  |data_out<56>   |    7.178|
data_in_2<57>  |data_out<57>   |    5.878|
data_in_2<58>  |data_out<58>   |    5.820|
data_in_2<59>  |data_out<59>   |    5.871|
data_in_2<60>  |data_out<60>   |    6.643|
data_in_2<61>  |data_out<61>   |    6.224|
data_in_2<62>  |data_out<62>   |    5.889|
data_in_2<63>  |data_out<63>   |    5.947|
data_in_2<64>  |data_out<64>   |    5.688|
data_in_2<65>  |data_out<65>   |    6.044|
data_in_2<66>  |data_out<66>   |    5.986|
data_in_2<67>  |data_out<67>   |    6.013|
data_in_2<68>  |data_out<68>   |    7.328|
data_in_2<69>  |data_out<69>   |    6.482|
data_in_2<70>  |data_out<70>   |    7.406|
data_in_2<71>  |data_out<71>   |    7.791|
data_in_2<72>  |data_out<72>   |    7.458|
data_in_2<73>  |data_out<73>   |    9.248|
data_in_2<74>  |data_out<74>   |    8.067|
data_in_2<75>  |data_out<75>   |    7.370|
data_in_2<76>  |data_out<76>   |    7.575|
data_in_2<77>  |data_out<77>   |    7.918|
data_in_2<78>  |data_out<78>   |    7.553|
data_in_2<79>  |data_out<79>   |    7.591|
data_in_2<80>  |data_out<80>   |    7.297|
data_in_2<81>  |data_out<81>   |    7.060|
data_in_2<82>  |data_out<82>   |    7.762|
data_in_2<83>  |data_out<83>   |    8.439|
data_in_2<84>  |data_out<84>   |    7.702|
data_in_2<85>  |data_out<85>   |    7.966|
data_in_2<86>  |data_out<86>   |    8.504|
data_in_2<87>  |data_out<87>   |    8.550|
data_in_2<88>  |data_out<88>   |    7.440|
data_in_2<89>  |data_out<89>   |    8.706|
data_in_2<90>  |data_out<90>   |    7.389|
data_in_2<91>  |data_out<91>   |    7.706|
data_in_2<92>  |data_out<92>   |    7.902|
data_in_2<93>  |data_out<93>   |    6.932|
data_in_2<94>  |data_out<94>   |    8.177|
data_in_2<95>  |data_out<95>   |    7.238|
data_in_2<96>  |data_out<96>   |    7.435|
data_in_2<97>  |data_out<97>   |    7.552|
data_in_2<98>  |data_out<98>   |    7.997|
data_in_2<99>  |data_out<99>   |    7.807|
data_in_2<100> |data_out<100>  |    8.962|
data_in_2<101> |data_out<101>  |    8.760|
data_in_2<102> |data_out<102>  |    8.566|
data_in_2<103> |data_out<103>  |    8.551|
data_in_2<104> |data_out<104>  |    8.682|
data_in_2<105> |data_out<105>  |    8.519|
data_in_2<106> |data_out<106>  |    9.133|
data_in_2<107> |data_out<107>  |    8.680|
data_in_2<108> |data_out<108>  |    9.012|
data_in_2<109> |data_out<109>  |    8.518|
data_in_2<110> |data_out<110>  |    9.115|
data_in_2<111> |data_out<111>  |    9.399|
data_in_2<112> |data_out<112>  |    8.479|
data_in_2<113> |data_out<113>  |    8.618|
data_in_2<114> |data_out<114>  |    8.534|
data_in_2<115> |data_out<115>  |    8.969|
data_in_2<116> |data_out<116>  |    8.618|
data_in_2<117> |data_out<117>  |    8.591|
data_in_2<118> |data_out<118>  |    7.439|
data_in_2<119> |data_out<119>  |    9.109|
data_in_2<120> |data_out<120>  |    8.370|
data_in_2<121> |data_out<121>  |    7.383|
data_in_2<122> |data_out<122>  |    7.781|
data_in_2<123> |data_out<123>  |    7.458|
data_in_2<124> |data_out<124>  |    7.595|
data_in_2<125> |data_out<125>  |    8.542|
data_in_2<126> |data_out<126>  |    6.775|
data_in_2<127> |data_out<127>  |    7.317|
data_in_2<128> |data_out<128>  |    7.307|
data_in_2<129> |data_out<129>  |    8.662|
data_in_2<130> |data_out<130>  |    8.156|
data_in_2<131> |data_out<131>  |    7.648|
data_in_2<132> |data_out<132>  |    7.631|
data_in_2<133> |data_out<133>  |    9.521|
data_in_2<134> |data_out<134>  |    8.369|
data_in_2<135> |data_out<135>  |    9.790|
mux_flag       |data_out<0>    |    9.925|
mux_flag       |data_out<1>    |    8.117|
mux_flag       |data_out<2>    |    7.934|
mux_flag       |data_out<3>    |    8.304|
mux_flag       |data_out<4>    |    7.929|
mux_flag       |data_out<5>    |    8.142|
mux_flag       |data_out<6>    |    8.144|
mux_flag       |data_out<7>    |    8.399|
mux_flag       |data_out<8>    |    8.253|
mux_flag       |data_out<9>    |    8.498|
mux_flag       |data_out<10>   |    8.400|
mux_flag       |data_out<11>   |    8.593|
mux_flag       |data_out<12>   |    8.028|
mux_flag       |data_out<13>   |    8.075|
mux_flag       |data_out<14>   |    8.109|
mux_flag       |data_out<15>   |    8.033|
mux_flag       |data_out<16>   |    6.936|
mux_flag       |data_out<17>   |    7.047|
mux_flag       |data_out<18>   |    6.760|
mux_flag       |data_out<19>   |    6.556|
mux_flag       |data_out<20>   |    6.935|
mux_flag       |data_out<21>   |    7.135|
mux_flag       |data_out<22>   |    7.036|
mux_flag       |data_out<23>   |    7.794|
mux_flag       |data_out<24>   |    7.274|
mux_flag       |data_out<25>   |    7.593|
mux_flag       |data_out<26>   |    7.236|
mux_flag       |data_out<27>   |    7.919|
mux_flag       |data_out<28>   |    7.308|
mux_flag       |data_out<29>   |    8.995|
mux_flag       |data_out<30>   |   10.074|
mux_flag       |data_out<31>   |    9.957|
mux_flag       |data_out<32>   |    8.854|
mux_flag       |data_out<33>   |   10.286|
mux_flag       |data_out<34>   |   12.089|
mux_flag       |data_out<35>   |    9.453|
mux_flag       |data_out<36>   |   11.175|
mux_flag       |data_out<37>   |   11.449|
mux_flag       |data_out<38>   |   10.584|
mux_flag       |data_out<39>   |   10.477|
mux_flag       |data_out<40>   |   10.482|
mux_flag       |data_out<41>   |   10.692|
mux_flag       |data_out<42>   |   11.047|
mux_flag       |data_out<43>   |   11.013|
mux_flag       |data_out<44>   |   10.755|
mux_flag       |data_out<45>   |   11.181|
mux_flag       |data_out<46>   |   11.403|
mux_flag       |data_out<47>   |   11.380|
mux_flag       |data_out<48>   |   10.973|
mux_flag       |data_out<49>   |   11.447|
mux_flag       |data_out<50>   |   10.763|
mux_flag       |data_out<51>   |   10.737|
mux_flag       |data_out<52>   |   11.202|
mux_flag       |data_out<53>   |   10.483|
mux_flag       |data_out<54>   |   10.961|
mux_flag       |data_out<55>   |   12.706|
mux_flag       |data_out<56>   |   11.168|
mux_flag       |data_out<57>   |   13.085|
mux_flag       |data_out<58>   |   13.246|
mux_flag       |data_out<59>   |   13.239|
mux_flag       |data_out<60>   |   13.959|
mux_flag       |data_out<61>   |   13.256|
mux_flag       |data_out<62>   |   13.399|
mux_flag       |data_out<63>   |   13.608|
mux_flag       |data_out<64>   |   13.425|
mux_flag       |data_out<65>   |   13.592|
mux_flag       |data_out<66>   |   13.583|
mux_flag       |data_out<67>   |   13.681|
mux_flag       |data_out<68>   |   11.844|
mux_flag       |data_out<69>   |   13.653|
mux_flag       |data_out<70>   |   11.867|
mux_flag       |data_out<71>   |   12.369|
mux_flag       |data_out<72>   |   11.483|
mux_flag       |data_out<73>   |   12.453|
mux_flag       |data_out<74>   |   12.382|
mux_flag       |data_out<75>   |   11.675|
mux_flag       |data_out<76>   |   11.551|
mux_flag       |data_out<77>   |   11.718|
mux_flag       |data_out<78>   |   11.740|
mux_flag       |data_out<79>   |   14.899|
mux_flag       |data_out<80>   |   13.686|
mux_flag       |data_out<81>   |   13.399|
mux_flag       |data_out<82>   |   14.032|
mux_flag       |data_out<83>   |   14.657|
mux_flag       |data_out<84>   |   13.617|
mux_flag       |data_out<85>   |   13.861|
mux_flag       |data_out<86>   |   11.790|
mux_flag       |data_out<87>   |   12.126|
mux_flag       |data_out<88>   |   12.312|
mux_flag       |data_out<89>   |   12.495|
mux_flag       |data_out<90>   |   12.456|
mux_flag       |data_out<91>   |   13.936|
mux_flag       |data_out<92>   |   13.403|
mux_flag       |data_out<93>   |   12.742|
mux_flag       |data_out<94>   |   13.538|
mux_flag       |data_out<95>   |   13.059|
mux_flag       |data_out<96>   |   12.858|
mux_flag       |data_out<97>   |   13.493|
mux_flag       |data_out<98>   |   13.325|
mux_flag       |data_out<99>   |   13.553|
mux_flag       |data_out<100>  |   12.027|
mux_flag       |data_out<101>  |   11.855|
mux_flag       |data_out<102>  |   12.497|
mux_flag       |data_out<103>  |   12.333|
mux_flag       |data_out<104>  |   12.547|
mux_flag       |data_out<105>  |   12.142|
mux_flag       |data_out<106>  |   12.105|
mux_flag       |data_out<107>  |   11.946|
mux_flag       |data_out<108>  |   11.846|
mux_flag       |data_out<109>  |   11.679|
mux_flag       |data_out<110>  |   12.375|
mux_flag       |data_out<111>  |   12.351|
mux_flag       |data_out<112>  |   11.860|
mux_flag       |data_out<113>  |   11.962|
mux_flag       |data_out<114>  |   12.263|
mux_flag       |data_out<115>  |   12.200|
mux_flag       |data_out<116>  |   12.409|
mux_flag       |data_out<117>  |   12.051|
mux_flag       |data_out<118>  |   14.188|
mux_flag       |data_out<119>  |   12.437|
mux_flag       |data_out<120>  |   15.005|
mux_flag       |data_out<121>  |   14.804|
mux_flag       |data_out<122>  |   15.042|
mux_flag       |data_out<123>  |   15.143|
mux_flag       |data_out<124>  |   15.015|
mux_flag       |data_out<125>  |   15.475|
mux_flag       |data_out<126>  |   14.544|
mux_flag       |data_out<127>  |   13.604|
mux_flag       |data_out<128>  |   13.905|
mux_flag       |data_out<129>  |   11.109|
mux_flag       |data_out<130>  |    9.860|
mux_flag       |data_out<131>  |    9.601|
mux_flag       |data_out<132>  |    9.806|
mux_flag       |data_out<133>  |   11.563|
mux_flag       |data_out<134>  |   10.044|
mux_flag       |data_out<135>  |   11.850|
---------------+---------------+---------+


Analysis completed Wed May 22 08:09:29 2024 
--------------------------------------------------------------------------------

Trace Settings:
-------------------------
Trace Settings 

Peak Memory Usage: 1118 MB



