Running: /opt/Xilinx/14.7/ISE_DS/ISE/bin/lin64/unwrapped/fuse -intstyle ise -incremental -lib simprims_ver -lib unisims_ver -lib unimacro_ver -lib xilinxcorelib_ver -lib secureip -o /home/ise/butterfly/butterfly_tb_isim_par.exe -prj /home/ise/butterfly/butterfly_tb_par.prj work.butterfly_tb work.glbl 
ISim P.20131013 (signature 0xfbc00daa)
Number of CPUs detected in this system: 1
Turning on mult-threading, number of parallel sub-compilation jobs: 0 
Determining compilation order of HDL files
Analyzing Verilog file "/home/ise/butterfly/netgen/par/butterfly_timesim.v" into library work
Analyzing Verilog file "/home/ise/butterfly/butterfly_tb.v" into library work
Starting static elaboration
Completed static elaboration
Fuse Memory Usage: 187740 KB
Fuse CPU Usage: 1320 ms
Compiling module X_BUF
Compiling module X_ZERO
Compiling module X_AND2B1L
Compiling module X_LUT6(INIT=64'b0101101010100101...
Compiling module X_LUT5(INIT=32'b1111111111110000...
Compiling module X_ONE
Compiling module X_CARRY4
Compiling module X_IPAD
Compiling module X_IBUF_INTERMDISABLE_TPWRGT(LOC=...
Compiling module X_OPAD
Compiling module X_OBUF
Compiling module mux
Compiling module X_MUX2
Compiling module butterfly
Compiling module butterfly_tb
Compiling module glbl
Time Resolution for simulation is 1ps.
Compiled 4375 Verilog Units
Built simulation executable /home/ise/butterfly/butterfly_tb_isim_par.exe
Fuse Memory Usage: 282888 KB
Fuse CPU Usage: 6380 ms
GCC CPU Usage: 8230 ms
