ISim log file
Running: /home/ise/butterfly/butterfly_tb_isim_par.exe -intstyle ise -gui -tclbatch isim.cmd -wdb /home/ise/butterfly/butterfly_tb_isim_par.wdb 
ISim P.20131013 (signature 0xfbc00daa)
----------------------------------------------------------------------
WARNING:Security:42 - Your software subscription period has lapsed. Your current version of Xilinx tools will continue to function, but you no longer qualify for Xilinx software updates or new releases.


----------------------------------------------------------------------
This is a Full version of ISim.
Time resolution is 1 ps
# onerror resume
# wave add /
# run 1000 ns
Simulator is doing circuit initialization process.
INFO: SDF backannotation was successful with SDF file netgen/par/butterfly_timesim.sdf, for root module /butterfly_tb/uut/.


Load Data

Finished circuit initialization process.


OUTPUT

[0]  0_00000000_00000000 0_00000000_00000000

[4]  0_00000000_00000000 0_00000000_00000000

[8]  0_00000000_00000000 0_00000000_00000000

[12] 0_00000000_00000000 0_00000000_00000000

[1]  0_00000000_00000000 0_00000000_00000000

[5]  0_00000000_00000000 0_00000000_00000000

[9]  0_00000000_00000000 0_00000000_00000000

[13] 0_00000000_00000000 0_00000000_00000000

[2]  0_00000000_00000000 0_00000000_00000000

[6]  0_00000000_00000000 0_00000000_00000000

[10] 0_00000000_00000000 0_00000000_00000000

[14] 0_00000000_00000000 0_00000000_00000000

[3]  0_00000000_00000000 0_00000000_00000000

[7]  0_00000000_00000000 0_00000000_00000000

[11] 0_00000000_00000000 0_00000000_00000000

[15] 0_00000000_00000000 0_00000000_00000000

Stopped at time : 260 ns :  in File "/home/ise/butterfly/butterfly_tb.v" Line 139 
# exit 0
