--------------------------------------------------------------------------------
Release 14.7 Trace  (lin64)
Copyright (c) 1995-2013 Xilinx, Inc.  All rights reserved.

/opt/Xilinx/14.7/ISE_DS/ISE/bin/lin64/unwrapped/trce -intstyle ise -v 3 -s 2 -n
3 -fastpaths -xml ctrl.twx ctrl.ncd -o ctrl.twr ctrl.pcf

Design file:              ctrl.ncd
Physical constraint file: ctrl.pcf
Device,package,speed:     xc7vx330t,ffg1157,C,-2 (PRODUCTION 1.10 2013-10-13)
Report level:             verbose report

Environment Variable      Effect 
--------------------      ------ 
NONE                      No environment variables were set
--------------------------------------------------------------------------------

INFO:Timing:2698 - No timing constraints found, doing default enumeration.
INFO:Timing:3412 - To improve timing, see the Timing Closure User Guide (UG612).
INFO:Timing:2752 - To get complete path coverage, use the unconstrained paths 
   option. All paths that are not constrained will be reported in the 
   unconstrained paths section(s) of the report.
INFO:Timing:3339 - The clock-to-out numbers in this timing report are based on 
   a 50 Ohm transmission line loading model.  For the details of this model, 
   and for more information on accounting for different loading conditions, 
   please see the device datasheet.



Data Sheet report:
-----------------
All values displayed in nanoseconds (ns)

Setup/Hold to clock clk
------------+------------+------------+------------+------------+------------------+--------+
            |Max Setup to|  Process   |Max Hold to |  Process   |                  | Clock  |
Source      | clk (edge) |   Corner   | clk (edge) |   Corner   |Internal Clock(s) | Phase  |
------------+------------+------------+------------+------------+------------------+--------+
rst_n       |   -0.904(R)|      FAST  |    2.839(R)|      SLOW  |clk_BUFGP         |   0.000|
s_p_flag_in |   -1.077(R)|      FAST  |    3.187(R)|      SLOW  |clk_BUFGP         |   0.000|
------------+------------+------------+------------+------------+------------------+--------+

Clock clk to Pad
------------+-----------------+------------+-----------------+------------+------------------+--------+
            |Max (slowest) clk|  Process   |Min (fastest) clk|  Process   |                  | Clock  |
Destination |  (edge) to PAD  |   Corner   |  (edge) to PAD  |   Corner   |Internal Clock(s) | Phase  |
------------+-----------------+------------+-----------------+------------+------------------+--------+
demux_flag  |         7.694(R)|      SLOW  |         3.451(R)|      FAST  |clk_BUFGP         |   0.000|
mux_flag    |         7.718(R)|      SLOW  |         3.470(R)|      FAST  |clk_BUFGP         |   0.000|
rotation<0> |         7.672(R)|      SLOW  |         3.458(R)|      FAST  |clk_BUFGP         |   0.000|
rotation<1> |         7.609(R)|      SLOW  |         3.403(R)|      FAST  |clk_BUFGP         |   0.000|
rotation<2> |         7.635(R)|      SLOW  |         3.428(R)|      FAST  |clk_BUFGP         |   0.000|
------------+-----------------+------------+-----------------+------------+------------------+--------+

Clock to Setup on destination clock clk
---------------+---------+---------+---------+---------+
               | Src:Rise| Src:Fall| Src:Rise| Src:Fall|
Source Clock   |Dest:Rise|Dest:Rise|Dest:Fall|Dest:Fall|
---------------+---------+---------+---------+---------+
clk            |    0.665|         |         |         |
---------------+---------+---------+---------+---------+


Analysis completed Wed May 22 03:10:11 2024 
--------------------------------------------------------------------------------

Trace Settings:
-------------------------
Trace Settings 

Peak Memory Usage: 1112 MB



