ISim log file
Running: /home/ise/ctrl/ctrl_tb_isim_par.exe -intstyle ise -gui -tclbatch isim.cmd -wdb /home/ise/ctrl/ctrl_tb_isim_par.wdb 
ISim P.20131013 (signature 0xfbc00daa)
----------------------------------------------------------------------
WARNING:Security:42 - Your software subscription period has lapsed. Your current version of Xilinx tools will continue to function, but you no longer qualify for Xilinx software updates or new releases.


----------------------------------------------------------------------
This is a Full version of ISim.
Time resolution is 1 ps
# onerror resume
# wave add /
# run 1000 ns
Simulator is doing circuit initialization process.
INFO: SDF backannotation was successful with SDF file netgen/par/ctrl_timesim.sdf, for root module /ctrl_tb/uut/.
Finished circuit initialization process.
Time=              125000, clk=1, rst_n=1, s_p_flag_in=1, mux_flag=0, rotation=000, demux_flag=0
Time=              130000, clk=0, rst_n=1, s_p_flag_in=0, mux_flag=0, rotation=000, demux_flag=1
Time=              135000, clk=1, rst_n=1, s_p_flag_in=1, mux_flag=0, rotation=000, demux_flag=1
Time=              140000, clk=0, rst_n=1, s_p_flag_in=0, mux_flag=0, rotation=000, demux_flag=1
Time=              145000, clk=1, rst_n=1, s_p_flag_in=1, mux_flag=0, rotation=000, demux_flag=1
Time=              150000, clk=0, rst_n=1, s_p_flag_in=0, mux_flag=0, rotation=000, demux_flag=1
Time=              155000, clk=1, rst_n=1, s_p_flag_in=1, mux_flag=0, rotation=000, demux_flag=1
Time=              160000, clk=0, rst_n=1, s_p_flag_in=0, mux_flag=0, rotation=000, demux_flag=1
Time=              165000, clk=1, rst_n=1, s_p_flag_in=1, mux_flag=0, rotation=000, demux_flag=1
Time=              170000, clk=0, rst_n=1, s_p_flag_in=0, mux_flag=0, rotation=000, demux_flag=1
Stopped at time : 170 ns : File "/home/ise/ctrl/ctrl_tb.v" Line 78
# exit 0
