Release 14.7 - xst P.20131013 (lin64)
Copyright (c) 1995-2013 Xilinx, Inc.  All rights reserved.
--> 
Parameter TMPDIR set to xst/projnav.tmp


Total REAL time to Xst completion: 0.00 secs
Total CPU time to Xst completion: 0.01 secs
 
--> 
Parameter xsthdpdir set to xst


Total REAL time to Xst completion: 0.00 secs
Total CPU time to Xst completion: 0.01 secs
 
--> 
Reading design: p_s.prj

TABLE OF CONTENTS
  1) Synthesis Options Summary
  2) HDL Parsing
  3) HDL Elaboration
  4) HDL Synthesis
       4.1) HDL Synthesis Report
  5) Advanced HDL Synthesis
       5.1) Advanced HDL Synthesis Report
  6) Low Level Synthesis
  7) Partition Report
  8) Design Summary
       8.1) Primitive and Black Box Usage
       8.2) Device utilization summary
       8.3) Partition Resource Summary
       8.4) Timing Report
            8.4.1) Clock Information
            8.4.2) Asynchronous Control Signals Information
            8.4.3) Timing Summary
            8.4.4) Timing Details
            8.4.5) Cross Clock Domains Report


=========================================================================
*                      Synthesis Options Summary                        *
=========================================================================
---- Source Parameters
Input File Name                    : "p_s.prj"
Ignore Synthesis Constraint File   : NO

---- Target Parameters
Output File Name                   : "p_s"
Output Format                      : NGC
Target Device                      : xc7vx330t-2-ffg1157

---- Source Options
Top Module Name                    : p_s
Automatic FSM Extraction           : YES
FSM Encoding Algorithm             : Auto
Safe Implementation                : No
FSM Style                          : LUT
RAM Extraction                     : Yes
RAM Style                          : Auto
ROM Extraction                     : Yes
Shift Register Extraction          : YES
ROM Style                          : Auto
Resource Sharing                   : YES
Asynchronous To Synchronous        : NO
Shift Register Minimum Size        : 2
Use DSP Block                      : Auto
Automatic Register Balancing       : No

---- Target Options
LUT Combining                      : Auto
Reduce Control Sets                : Auto
Add IO Buffers                     : YES
Global Maximum Fanout              : 100000
Add Generic Clock Buffer(BUFG)     : 32
Register Duplication               : YES
Optimize Instantiated Primitives   : NO
Use Clock Enable                   : Auto
Use Synchronous Set                : Auto
Use Synchronous Reset              : Auto
Pack IO Registers into IOBs        : Auto
Equivalent register Removal        : YES

---- General Options
Optimization Goal                  : Speed
Optimization Effort                : 1
Power Reduction                    : NO
Keep Hierarchy                     : No
Netlist Hierarchy                  : As_Optimized
RTL Output                         : Yes
Global Optimization                : AllClockNets
Read Cores                         : YES
Write Timing Constraints           : NO
Cross Clock Analysis               : NO
Hierarchy Separator                : /
Bus Delimiter                      : <>
Case Specifier                     : Maintain
Slice Utilization Ratio            : 100
BRAM Utilization Ratio             : 100
DSP48 Utilization Ratio            : 100
Auto BRAM Packing                  : NO
Slice Utilization Ratio Delta      : 5

=========================================================================


=========================================================================
*                          HDL Parsing                                  *
=========================================================================
Analyzing Verilog file "/home/ise/ps/p_s.v" into library work
Parsing module <p_s>.

=========================================================================
*                            HDL Elaboration                            *
=========================================================================

Elaborating module <p_s>.

=========================================================================
*                           HDL Synthesis                               *
=========================================================================

Synthesizing Unit <p_s>.
    Related source file is "/home/ise/ps/p_s.v".
    Found 4-bit register for signal <counter_2>.
    Found 2-bit register for signal <counter_1>.
    Found 1-bit register for signal <p_s_flag_out>.
    Found 34-bit register for signal <R1>.
    Found 34-bit register for signal <R5>.
    Found 34-bit register for signal <R9>.
    Found 34-bit register for signal <R13>.
    Found 34-bit register for signal <R0>.
    Found 34-bit register for signal <R4>.
    Found 34-bit register for signal <R8>.
    Found 34-bit register for signal <R12>.
    Found 34-bit register for signal <R3>.
    Found 34-bit register for signal <R7>.
    Found 34-bit register for signal <R11>.
    Found 34-bit register for signal <R15>.
    Found 34-bit register for signal <R2>.
    Found 34-bit register for signal <R6>.
    Found 34-bit register for signal <R10>.
    Found 34-bit register for signal <R14>.
    Found 34-bit register for signal <data_out_3>.
    Found 2-bit adder for signal <counter_1[1]_GND_1_o_add_1_OUT> created at line 60.
    Found 4-bit adder for signal <counter_2[3]_GND_1_o_add_54_OUT> created at line 105.
    Found 34-bit 16-to-1 multiplexer for signal <counter_2[3]_R3[33]_wide_mux_58_OUT> created at line 123.
    Summary:
	inferred   2 Adder/Subtractor(s).
	inferred 585 D-type flip-flop(s).
	inferred   3 Multiplexer(s).
Unit <p_s> synthesized.

=========================================================================
HDL Synthesis Report

Macro Statistics
# Adders/Subtractors                                   : 2
 2-bit adder                                           : 1
 4-bit adder                                           : 1
# Registers                                            : 20
 1-bit register                                        : 1
 2-bit register                                        : 1
 34-bit register                                       : 17
 4-bit register                                        : 1
# Multiplexers                                         : 3
 2-bit 2-to-1 multiplexer                              : 1
 34-bit 16-to-1 multiplexer                            : 1
 4-bit 2-to-1 multiplexer                              : 1

=========================================================================

=========================================================================
*                       Advanced HDL Synthesis                          *
=========================================================================


Synthesizing (advanced) Unit <p_s>.
The following registers are absorbed into counter <counter_2>: 1 register on signal <counter_2>.
The following registers are absorbed into counter <counter_1>: 1 register on signal <counter_1>.
Unit <p_s> synthesized (advanced).

=========================================================================
Advanced HDL Synthesis Report

Macro Statistics
# Counters                                             : 2
 2-bit up counter                                      : 1
 4-bit up counter                                      : 1
# Registers                                            : 579
 Flip-Flops                                            : 579
# Multiplexers                                         : 1
 34-bit 16-to-1 multiplexer                            : 1

=========================================================================

=========================================================================
*                         Low Level Synthesis                           *
=========================================================================

Optimizing unit <p_s> ...
INFO:Xst:2261 - The FF/Latch <counter_1_0> in Unit <p_s> is equivalent to the following FF/Latch, which will be removed : <counter_2_0> 
INFO:Xst:2261 - The FF/Latch <counter_1_1> in Unit <p_s> is equivalent to the following FF/Latch, which will be removed : <counter_2_1> 

Mapping all equations...
Building and optimizing final netlist ...
Found area constraint ratio of 100 (+ 5) on block p_s, actual ratio is 0.
FlipFlop counter_1_0 has been replicated 7 time(s)
FlipFlop counter_1_1 has been replicated 1 time(s)

Final Macro Processing ...

=========================================================================
Final Register Report

Macro Statistics
# Registers                                            : 591
 Flip-Flops                                            : 591

=========================================================================

=========================================================================
*                           Partition Report                            *
=========================================================================

Partition Implementation Status
-------------------------------

  No Partitions were found in this design.

-------------------------------

=========================================================================
*                            Design Summary                             *
=========================================================================

Top Level Output File Name         : p_s.ngc

Primitive and Black Box Usage:
------------------------------
# BELS                             : 789
#      INV                         : 3
#      LUT2                        : 2
#      LUT3                        : 1
#      LUT4                        : 545
#      LUT6                        : 136
#      MUXF7                       : 68
#      MUXF8                       : 34
# FlipFlops/Latches                : 591
#      FDC                         : 13
#      FDE                         : 578
# Clock Buffers                    : 1
#      BUFGP                       : 1
# IO Buffers                       : 172
#      IBUF                        : 138
#      OBUF                        : 34

Device utilization summary:
---------------------------

Selected Device : 7vx330tffg1157-2 


Slice Logic Utilization: 
 Number of Slice Registers:             591  out of  408000     0%  
 Number of Slice LUTs:                  687  out of  204000     0%  
    Number used as Logic:               687  out of  204000     0%  

Slice Logic Distribution: 
 Number of LUT Flip Flop pairs used:    725
   Number with an unused Flip Flop:     134  out of    725    18%  
   Number with an unused LUT:            38  out of    725     5%  
   Number of fully used LUT-FF pairs:   553  out of    725    76%  
   Number of unique control sets:         5

IO Utilization: 
 Number of IOs:                         173
 Number of bonded IOBs:                 173  out of    600    28%  

Specific Feature Utilization:
 Number of BUFG/BUFGCTRLs:                1  out of     32     3%  

---------------------------
Partition Resource Summary:
---------------------------

  No Partitions were found in this design.

---------------------------


=========================================================================
Timing Report

NOTE: THESE TIMING NUMBERS ARE ONLY A SYNTHESIS ESTIMATE.
      FOR ACCURATE TIMING INFORMATION PLEASE REFER TO THE TRACE REPORT
      GENERATED AFTER PLACE-and-ROUTE.

Clock Information:
------------------
-----------------------------------+------------------------+-------+
Clock Signal                       | Clock buffer(FF name)  | Load  |
-----------------------------------+------------------------+-------+
clk                                | BUFGP                  | 591   |
-----------------------------------+------------------------+-------+

Asynchronous Control Signals Information:
----------------------------------------
No asynchronous control signals found in this design

Timing Summary:
---------------
Speed Grade: -2

   Minimum period: 1.278ns (Maximum Frequency: 782.284MHz)
   Minimum input arrival time before clock: 1.064ns
   Maximum output required time after clock: 0.575ns
   Maximum combinational path delay: No path found

Timing Details:
---------------
All values displayed in nanoseconds (ns)

=========================================================================
Timing constraint: Default period analysis for Clock 'clk'
  Clock period: 1.278ns (frequency: 782.284MHz)
  Total number of paths / destination ports: 2604 / 1169
-------------------------------------------------------------------------
Delay:               1.278ns (Levels of Logic = 1)
  Source:            counter_1_1_1 (FF)
  Destination:       R2_0 (FF)
  Source Clock:      clk rising
  Destination Clock: clk rising

  Data Path: counter_1_1_1 to R2_0
                                Gate     Net
    Cell:in->out      fanout   Delay   Delay  Logical Name (Net Name)
    ----------------------------------------  ------------
     FDC:C->Q              1   0.236   0.339  counter_1_1_1 (counter_1_1_1)
     INV:I->O            136   0.054   0.488  _n0214_inv1_cepot_INV_0 (_n0214_inv1_cepot)
     FDE:CE                    0.161          R2_0
    ----------------------------------------
    Total                      1.278ns (0.451ns logic, 0.827ns route)
                                       (35.3% logic, 64.7% route)

=========================================================================
Timing constraint: Default OFFSET IN BEFORE for Clock 'clk'
  Total number of paths / destination ports: 1102 / 558
-------------------------------------------------------------------------
Offset:              1.064ns (Levels of Logic = 2)
  Source:            rst_n (PAD)
  Destination:       counter_2_2 (FF)
  Destination Clock: clk rising

  Data Path: rst_n to counter_2_2
                                Gate     Net
    Cell:in->out      fanout   Delay   Delay  Logical Name (Net Name)
    ----------------------------------------  ------------
     IBUF:I->O             1   0.000   0.339  rst_n_IBUF (rst_n_IBUF)
     INV:I->O             13   0.054   0.407  rst_n_inv1_INV_0 (rst_n_inv)
     FDC:CLR                   0.264          counter_2_2
    ----------------------------------------
    Total                      1.064ns (0.318ns logic, 0.746ns route)
                                       (29.9% logic, 70.1% route)

=========================================================================
Timing constraint: Default OFFSET OUT AFTER for Clock 'clk'
  Total number of paths / destination ports: 34 / 34
-------------------------------------------------------------------------
Offset:              0.575ns (Levels of Logic = 1)
  Source:            data_out_3_33 (FF)
  Destination:       data_out_3<33> (PAD)
  Source Clock:      clk rising

  Data Path: data_out_3_33 to data_out_3<33>
                                Gate     Net
    Cell:in->out      fanout   Delay   Delay  Logical Name (Net Name)
    ----------------------------------------  ------------
     FDE:C->Q              1   0.236   0.339  data_out_3_33 (data_out_3_33)
     OBUF:I->O                 0.000          data_out_3_33_OBUF (data_out_3<33>)
    ----------------------------------------
    Total                      0.575ns (0.236ns logic, 0.339ns route)
                                       (41.0% logic, 59.0% route)

=========================================================================

Cross Clock Domains Report:
--------------------------

Clock to Setup on destination clock clk
---------------+---------+---------+---------+---------+
               | Src:Rise| Src:Fall| Src:Rise| Src:Fall|
Source Clock   |Dest:Rise|Dest:Rise|Dest:Fall|Dest:Fall|
---------------+---------+---------+---------+---------+
clk            |    1.278|         |         |         |
---------------+---------+---------+---------+---------+

=========================================================================


Total REAL time to Xst completion: 5.00 secs
Total CPU time to Xst completion: 1.78 secs
 
--> 


Total memory usage is 602184 kilobytes

Number of errors   :    0 (   0 filtered)
Number of warnings :    0 (   0 filtered)
Number of infos    :    2 (   0 filtered)

