Running: /opt/Xilinx/14.7/ISE_DS/ISE/bin/lin64/unwrapped/fuse -intstyle ise -incremental -lib simprims_ver -lib unisims_ver -lib unimacro_ver -lib xilinxcorelib_ver -lib secureip -o /home/ise/mux/smux_tb_isim_par.exe -prj /home/ise/mux/smux_tb_par.prj work.smux_tb work.glbl 
ISim P.20131013 (signature 0xfbc00daa)
Number of CPUs detected in this system: 1
Turning on mult-threading, number of parallel sub-compilation jobs: 0 
Determining compilation order of HDL files
Analyzing Verilog file "/home/ise/mux/netgen/par/smux_timesim.v" into library work
Analyzing Verilog file "/home/ise/mux/smux_tb.v" into library work
Starting static elaboration
Completed static elaboration
Fuse Memory Usage: 106708 KB
Fuse CPU Usage: 990 ms
Compiling module X_OPAD
Compiling module X_OBUF
Compiling module X_IPAD
Compiling module X_ZERO
Compiling module X_IBUF_INTERMDISABLE_TPWRGT(LOC=...
Compiling module X_BUF
Compiling module X_LUT6(INIT=64'b1010111110101111...
Compiling module X_LUT5(INIT=32'b1100111111000000...
Compiling module smux
Compiling module smux_tb
Compiling module glbl
Time Resolution for simulation is 1ps.
Compiled 1229 Verilog Units
Built simulation executable /home/ise/mux/smux_tb_isim_par.exe
Fuse Memory Usage: 117556 KB
Fuse CPU Usage: 1410 ms
GCC CPU Usage: 1580 ms
