--------------------------------------------------------------------------------
Release 14.7 Trace  (lin64)
Copyright (c) 1995-2013 Xilinx, Inc.  All rights reserved.

/opt/Xilinx/14.7/ISE_DS/ISE/bin/lin64/unwrapped/trce -intstyle ise -v 3 -s 2 -n
3 -fastpaths -xml smux.twx smux.ncd -o smux.twr smux.pcf

Design file:              smux.ncd
Physical constraint file: smux.pcf
Device,package,speed:     xc7vx330t,ffg1157,C,-2 (PRODUCTION 1.10 2013-10-13)
Report level:             verbose report

Environment Variable      Effect 
--------------------      ------ 
NONE                      No environment variables were set
--------------------------------------------------------------------------------

INFO:Timing:2698 - No timing constraints found, doing default enumeration.
INFO:Timing:3412 - To improve timing, see the Timing Closure User Guide (UG612).
INFO:Timing:2752 - To get complete path coverage, use the unconstrained paths 
   option. All paths that are not constrained will be reported in the 
   unconstrained paths section(s) of the report.
INFO:Timing:3339 - The clock-to-out numbers in this timing report are based on 
   a 50 Ohm transmission line loading model.  For the details of this model, 
   and for more information on accounting for different loading conditions, 
   please see the device datasheet.



Data Sheet report:
-----------------
All values displayed in nanoseconds (ns)

Pad to Pad
---------------+---------------+---------+
Source Pad     |Destination Pad|  Delay  |
---------------+---------------+---------+
data_in_1<0>   |data_out<0>    |    8.078|
data_in_1<1>   |data_out<1>    |    7.296|
data_in_1<2>   |data_out<2>    |    7.459|
data_in_1<3>   |data_out<3>    |    8.782|
data_in_1<4>   |data_out<4>    |    8.045|
data_in_1<5>   |data_out<5>    |    8.007|
data_in_1<6>   |data_out<6>    |    6.242|
data_in_1<7>   |data_out<7>    |    6.769|
data_in_1<8>   |data_out<8>    |    7.558|
data_in_1<9>   |data_out<9>    |    8.295|
data_in_1<10>  |data_out<10>   |    7.473|
data_in_1<11>  |data_out<11>   |    7.175|
data_in_1<12>  |data_out<12>   |    7.459|
data_in_1<13>  |data_out<13>   |    9.112|
data_in_1<14>  |data_out<14>   |    7.711|
data_in_1<15>  |data_out<15>   |    7.771|
data_in_1<16>  |data_out<16>   |    8.195|
data_in_1<17>  |data_out<17>   |    7.844|
data_in_1<18>  |data_out<18>   |    7.416|
data_in_1<19>  |data_out<19>   |    8.140|
data_in_1<20>  |data_out<20>   |    7.183|
data_in_1<21>  |data_out<21>   |    7.189|
data_in_1<22>  |data_out<22>   |    6.884|
data_in_1<23>  |data_out<23>   |    7.321|
data_in_1<24>  |data_out<24>   |    7.054|
data_in_1<25>  |data_out<25>   |    8.767|
data_in_1<26>  |data_out<26>   |    8.769|
data_in_1<27>  |data_out<27>   |    7.499|
data_in_1<28>  |data_out<28>   |    7.195|
data_in_1<29>  |data_out<29>   |    8.638|
data_in_1<30>  |data_out<30>   |    9.610|
data_in_1<31>  |data_out<31>   |    9.225|
data_in_1<32>  |data_out<32>   |    8.781|
data_in_1<33>  |data_out<33>   |    9.844|
data_in_1<34>  |data_out<34>   |    9.591|
data_in_1<35>  |data_out<35>   |    7.648|
data_in_1<36>  |data_out<36>   |    7.588|
data_in_1<37>  |data_out<37>   |    7.753|
data_in_1<38>  |data_out<38>   |    7.571|
data_in_1<39>  |data_out<39>   |    9.247|
data_in_1<40>  |data_out<40>   |    8.754|
data_in_1<41>  |data_out<41>   |    7.776|
data_in_1<42>  |data_out<42>   |    8.294|
data_in_1<43>  |data_out<43>   |    8.458|
data_in_1<44>  |data_out<44>   |    7.052|
data_in_1<45>  |data_out<45>   |    8.630|
data_in_1<46>  |data_out<46>   |    7.923|
data_in_1<47>  |data_out<47>   |    8.522|
data_in_1<48>  |data_out<48>   |    7.386|
data_in_1<49>  |data_out<49>   |    8.043|
data_in_1<50>  |data_out<50>   |    6.436|
data_in_1<51>  |data_out<51>   |    7.299|
data_in_1<52>  |data_out<52>   |    7.920|
data_in_1<53>  |data_out<53>   |    7.116|
data_in_1<54>  |data_out<54>   |    7.216|
data_in_1<55>  |data_out<55>   |    7.686|
data_in_1<56>  |data_out<56>   |    6.819|
data_in_1<57>  |data_out<57>   |    7.653|
data_in_1<58>  |data_out<58>   |    7.723|
data_in_1<59>  |data_out<59>   |    9.542|
data_in_1<60>  |data_out<60>   |    6.555|
data_in_1<61>  |data_out<61>   |    7.262|
data_in_1<62>  |data_out<62>   |    7.095|
data_in_1<63>  |data_out<63>   |    9.509|
data_in_1<64>  |data_out<64>   |    9.925|
data_in_1<65>  |data_out<65>   |    7.736|
data_in_1<66>  |data_out<66>   |    9.464|
data_in_1<67>  |data_out<67>   |    9.021|
data_in_1<68>  |data_out<68>   |    8.374|
data_in_1<69>  |data_out<69>   |    8.151|
data_in_1<70>  |data_out<70>   |    9.898|
data_in_1<71>  |data_out<71>   |   10.235|
data_in_1<72>  |data_out<72>   |    9.204|
data_in_1<73>  |data_out<73>   |    9.435|
data_in_1<74>  |data_out<74>   |   10.190|
data_in_1<75>  |data_out<75>   |    9.278|
data_in_1<76>  |data_out<76>   |    9.674|
data_in_1<77>  |data_out<77>   |    9.800|
data_in_1<78>  |data_out<78>   |    7.326|
data_in_1<79>  |data_out<79>   |    9.823|
data_in_1<80>  |data_out<80>   |    8.035|
data_in_1<81>  |data_out<81>   |    8.010|
data_in_1<82>  |data_out<82>   |    8.115|
data_in_1<83>  |data_out<83>   |    7.502|
data_in_1<84>  |data_out<84>   |    7.746|
data_in_1<85>  |data_out<85>   |    9.315|
data_in_1<86>  |data_out<86>   |    8.954|
data_in_1<87>  |data_out<87>   |    8.910|
data_in_1<88>  |data_out<88>   |    9.576|
data_in_1<89>  |data_out<89>   |    8.963|
data_in_1<90>  |data_out<90>   |    8.680|
data_in_1<91>  |data_out<91>   |    9.440|
data_in_1<92>  |data_out<92>   |    9.266|
data_in_1<93>  |data_out<93>   |    9.081|
data_in_1<94>  |data_out<94>   |    8.503|
data_in_1<95>  |data_out<95>   |    7.959|
data_in_1<96>  |data_out<96>   |    8.407|
data_in_1<97>  |data_out<97>   |    8.218|
data_in_1<98>  |data_out<98>   |    8.087|
data_in_1<99>  |data_out<99>   |    8.656|
data_in_1<100> |data_out<100>  |    7.246|
data_in_1<101> |data_out<101>  |    7.078|
data_in_1<102> |data_out<102>  |    7.174|
data_in_1<103> |data_out<103>  |    6.688|
data_in_1<104> |data_out<104>  |    7.707|
data_in_1<105> |data_out<105>  |    6.526|
data_in_1<106> |data_out<106>  |    6.648|
data_in_1<107> |data_out<107>  |    7.075|
data_in_1<108> |data_out<108>  |    7.422|
data_in_1<109> |data_out<109>  |    7.423|
data_in_1<110> |data_out<110>  |    6.877|
data_in_1<111> |data_out<111>  |    8.054|
data_in_1<112> |data_out<112>  |    6.785|
data_in_1<113> |data_out<113>  |    7.832|
data_in_1<114> |data_out<114>  |    8.253|
data_in_1<115> |data_out<115>  |    8.327|
data_in_1<116> |data_out<116>  |    8.061|
data_in_1<117> |data_out<117>  |    8.666|
data_in_1<118> |data_out<118>  |    8.224|
data_in_1<119> |data_out<119>  |    8.057|
data_in_1<120> |data_out<120>  |    8.272|
data_in_1<121> |data_out<121>  |    8.795|
data_in_1<122> |data_out<122>  |    8.163|
data_in_1<123> |data_out<123>  |    7.327|
data_in_1<124> |data_out<124>  |    7.107|
data_in_1<125> |data_out<125>  |    7.316|
data_in_1<126> |data_out<126>  |    7.346|
data_in_1<127> |data_out<127>  |    8.180|
data_in_1<128> |data_out<128>  |    7.589|
data_in_1<129> |data_out<129>  |    8.089|
data_in_1<130> |data_out<130>  |    7.674|
data_in_1<131> |data_out<131>  |    7.796|
data_in_1<132> |data_out<132>  |    8.180|
data_in_1<133> |data_out<133>  |    8.224|
data_in_1<134> |data_out<134>  |    7.325|
data_in_1<135> |data_out<135>  |    8.466|
data_in_2<0>   |data_out<0>    |    8.213|
data_in_2<1>   |data_out<1>    |    8.505|
data_in_2<2>   |data_out<2>    |    8.407|
data_in_2<3>   |data_out<3>    |    8.635|
data_in_2<4>   |data_out<4>    |    7.976|
data_in_2<5>   |data_out<5>    |    8.077|
data_in_2<6>   |data_out<6>    |    6.480|
data_in_2<7>   |data_out<7>    |    8.089|
data_in_2<8>   |data_out<8>    |    7.321|
data_in_2<9>   |data_out<9>    |    8.375|
data_in_2<10>  |data_out<10>   |    6.968|
data_in_2<11>  |data_out<11>   |    7.495|
data_in_2<12>  |data_out<12>   |    7.001|
data_in_2<13>  |data_out<13>   |    8.411|
data_in_2<14>  |data_out<14>   |    7.302|
data_in_2<15>  |data_out<15>   |    7.032|
data_in_2<16>  |data_out<16>   |    7.386|
data_in_2<17>  |data_out<17>   |    6.757|
data_in_2<18>  |data_out<18>   |    6.869|
data_in_2<19>  |data_out<19>   |    7.601|
data_in_2<20>  |data_out<20>   |    6.838|
data_in_2<21>  |data_out<21>   |    6.455|
data_in_2<22>  |data_out<22>   |    6.356|
data_in_2<23>  |data_out<23>   |    6.709|
data_in_2<24>  |data_out<24>   |    8.510|
data_in_2<25>  |data_out<25>   |    7.023|
data_in_2<26>  |data_out<26>   |    7.020|
data_in_2<27>  |data_out<27>   |    6.702|
data_in_2<28>  |data_out<28>   |    6.357|
data_in_2<29>  |data_out<29>   |    8.695|
data_in_2<30>  |data_out<30>   |    9.721|
data_in_2<31>  |data_out<31>   |    7.217|
data_in_2<32>  |data_out<32>   |    6.330|
data_in_2<33>  |data_out<33>   |    7.399|
data_in_2<34>  |data_out<34>   |    7.542|
data_in_2<35>  |data_out<35>   |    6.975|
data_in_2<36>  |data_out<36>   |    8.658|
data_in_2<37>  |data_out<37>   |    6.737|
data_in_2<38>  |data_out<38>   |    6.611|
data_in_2<39>  |data_out<39>   |    9.169|
data_in_2<40>  |data_out<40>   |    9.100|
data_in_2<41>  |data_out<41>   |    6.660|
data_in_2<42>  |data_out<42>   |    7.640|
data_in_2<43>  |data_out<43>   |    6.367|
data_in_2<44>  |data_out<44>   |    6.531|
data_in_2<45>  |data_out<45>   |    7.265|
data_in_2<46>  |data_out<46>   |    6.656|
data_in_2<47>  |data_out<47>   |    7.094|
data_in_2<48>  |data_out<48>   |    6.831|
data_in_2<49>  |data_out<49>   |    7.605|
data_in_2<50>  |data_out<50>   |    5.441|
data_in_2<51>  |data_out<51>   |    6.070|
data_in_2<52>  |data_out<52>   |    7.263|
data_in_2<53>  |data_out<53>   |    6.016|
data_in_2<54>  |data_out<54>   |    5.997|
data_in_2<55>  |data_out<55>   |    7.168|
data_in_2<56>  |data_out<56>   |    6.585|
data_in_2<57>  |data_out<57>   |    7.096|
data_in_2<58>  |data_out<58>   |    7.274|
data_in_2<59>  |data_out<59>   |    7.843|
data_in_2<60>  |data_out<60>   |    6.505|
data_in_2<61>  |data_out<61>   |    6.321|
data_in_2<62>  |data_out<62>   |    6.205|
data_in_2<63>  |data_out<63>   |    7.964|
data_in_2<64>  |data_out<64>   |    8.090|
data_in_2<65>  |data_out<65>   |    6.507|
data_in_2<66>  |data_out<66>   |    6.748|
data_in_2<67>  |data_out<67>   |    6.805|
data_in_2<68>  |data_out<68>   |    7.568|
data_in_2<69>  |data_out<69>   |    7.769|
data_in_2<70>  |data_out<70>   |    7.233|
data_in_2<71>  |data_out<71>   |    6.631|
data_in_2<72>  |data_out<72>   |    7.189|
data_in_2<73>  |data_out<73>   |    8.055|
data_in_2<74>  |data_out<74>   |    8.626|
data_in_2<75>  |data_out<75>   |    7.353|
data_in_2<76>  |data_out<76>   |    7.713|
data_in_2<77>  |data_out<77>   |    7.163|
data_in_2<78>  |data_out<78>   |    6.505|
data_in_2<79>  |data_out<79>   |    7.204|
data_in_2<80>  |data_out<80>   |    7.060|
data_in_2<81>  |data_out<81>   |    7.068|
data_in_2<82>  |data_out<82>   |    7.987|
data_in_2<83>  |data_out<83>   |    8.346|
data_in_2<84>  |data_out<84>   |    8.305|
data_in_2<85>  |data_out<85>   |    9.692|
data_in_2<86>  |data_out<86>   |    7.786|
data_in_2<87>  |data_out<87>   |    7.796|
data_in_2<88>  |data_out<88>   |    7.685|
data_in_2<89>  |data_out<89>   |    6.633|
data_in_2<90>  |data_out<90>   |    7.306|
data_in_2<91>  |data_out<91>   |    6.687|
data_in_2<92>  |data_out<92>   |    7.452|
data_in_2<93>  |data_out<93>   |    7.318|
data_in_2<94>  |data_out<94>   |    6.876|
data_in_2<95>  |data_out<95>   |    6.280|
data_in_2<96>  |data_out<96>   |    6.519|
data_in_2<97>  |data_out<97>   |    7.053|
data_in_2<98>  |data_out<98>   |    7.046|
data_in_2<99>  |data_out<99>   |    9.026|
data_in_2<100> |data_out<100>  |    5.036|
data_in_2<101> |data_out<101>  |    5.857|
data_in_2<102> |data_out<102>  |    5.737|
data_in_2<103> |data_out<103>  |    5.714|
data_in_2<104> |data_out<104>  |    6.164|
data_in_2<105> |data_out<105>  |    5.587|
data_in_2<106> |data_out<106>  |    6.046|
data_in_2<107> |data_out<107>  |    5.467|
data_in_2<108> |data_out<108>  |    5.485|
data_in_2<109> |data_out<109>  |    6.230|
data_in_2<110> |data_out<110>  |    5.313|
data_in_2<111> |data_out<111>  |    5.783|
data_in_2<112> |data_out<112>  |    5.861|
data_in_2<113> |data_out<113>  |    6.947|
data_in_2<114> |data_out<114>  |    6.393|
data_in_2<115> |data_out<115>  |    6.109|
data_in_2<116> |data_out<116>  |    5.555|
data_in_2<117> |data_out<117>  |    6.854|
data_in_2<118> |data_out<118>  |    6.356|
data_in_2<119> |data_out<119>  |    7.471|
data_in_2<120> |data_out<120>  |    6.509|
data_in_2<121> |data_out<121>  |    7.458|
data_in_2<122> |data_out<122>  |    6.574|
data_in_2<123> |data_out<123>  |    6.856|
data_in_2<124> |data_out<124>  |    6.725|
data_in_2<125> |data_out<125>  |    6.734|
data_in_2<126> |data_out<126>  |    6.534|
data_in_2<127> |data_out<127>  |    7.913|
data_in_2<128> |data_out<128>  |    7.437|
data_in_2<129> |data_out<129>  |    7.567|
data_in_2<130> |data_out<130>  |    7.228|
data_in_2<131> |data_out<131>  |    6.446|
data_in_2<132> |data_out<132>  |    7.055|
data_in_2<133> |data_out<133>  |    7.658|
data_in_2<134> |data_out<134>  |    6.762|
data_in_2<135> |data_out<135>  |    7.946|
mux_flag       |data_out<0>    |    9.666|
mux_flag       |data_out<1>    |    7.829|
mux_flag       |data_out<2>    |    8.152|
mux_flag       |data_out<3>    |    9.664|
mux_flag       |data_out<4>    |    9.488|
mux_flag       |data_out<5>    |   12.036|
mux_flag       |data_out<6>    |   10.227|
mux_flag       |data_out<7>    |   11.326|
mux_flag       |data_out<8>    |    8.307|
mux_flag       |data_out<9>    |    9.001|
mux_flag       |data_out<10>   |    7.307|
mux_flag       |data_out<11>   |    7.351|
mux_flag       |data_out<12>   |    7.894|
mux_flag       |data_out<13>   |   12.127|
mux_flag       |data_out<14>   |    8.129|
mux_flag       |data_out<15>   |   10.028|
mux_flag       |data_out<16>   |   10.393|
mux_flag       |data_out<17>   |    9.990|
mux_flag       |data_out<18>   |    9.913|
mux_flag       |data_out<19>   |    8.712|
mux_flag       |data_out<20>   |    7.945|
mux_flag       |data_out<21>   |    9.338|
mux_flag       |data_out<22>   |    9.250|
mux_flag       |data_out<23>   |   13.100|
mux_flag       |data_out<24>   |   13.014|
mux_flag       |data_out<25>   |   10.075|
mux_flag       |data_out<26>   |    9.834|
mux_flag       |data_out<27>   |    9.376|
mux_flag       |data_out<28>   |    9.168|
mux_flag       |data_out<29>   |   10.341|
mux_flag       |data_out<30>   |   10.448|
mux_flag       |data_out<31>   |   13.359|
mux_flag       |data_out<32>   |   12.681|
mux_flag       |data_out<33>   |   13.582|
mux_flag       |data_out<34>   |   13.517|
mux_flag       |data_out<35>   |    9.232|
mux_flag       |data_out<36>   |    8.970|
mux_flag       |data_out<37>   |    9.050|
mux_flag       |data_out<38>   |    8.868|
mux_flag       |data_out<39>   |   10.535|
mux_flag       |data_out<40>   |   10.505|
mux_flag       |data_out<41>   |    8.730|
mux_flag       |data_out<42>   |    9.561|
mux_flag       |data_out<43>   |   11.181|
mux_flag       |data_out<44>   |   11.344|
mux_flag       |data_out<45>   |   12.583|
mux_flag       |data_out<46>   |   12.102|
mux_flag       |data_out<47>   |   12.303|
mux_flag       |data_out<48>   |   11.870|
mux_flag       |data_out<49>   |    9.956|
mux_flag       |data_out<50>   |   10.149|
mux_flag       |data_out<51>   |   10.823|
mux_flag       |data_out<52>   |   11.896|
mux_flag       |data_out<53>   |   10.970|
mux_flag       |data_out<54>   |   11.027|
mux_flag       |data_out<55>   |   11.658|
mux_flag       |data_out<56>   |   10.761|
mux_flag       |data_out<57>   |   11.568|
mux_flag       |data_out<58>   |   11.533|
mux_flag       |data_out<59>   |   12.191|
mux_flag       |data_out<60>   |   10.863|
mux_flag       |data_out<61>   |   11.292|
mux_flag       |data_out<62>   |   11.066|
mux_flag       |data_out<63>   |   11.103|
mux_flag       |data_out<64>   |   11.112|
mux_flag       |data_out<65>   |   10.702|
mux_flag       |data_out<66>   |   11.053|
mux_flag       |data_out<67>   |   11.355|
mux_flag       |data_out<68>   |   11.965|
mux_flag       |data_out<69>   |   10.733|
mux_flag       |data_out<70>   |   12.151|
mux_flag       |data_out<71>   |   11.434|
mux_flag       |data_out<72>   |   11.776|
mux_flag       |data_out<73>   |   12.020|
mux_flag       |data_out<74>   |   12.728|
mux_flag       |data_out<75>   |   11.861|
mux_flag       |data_out<76>   |   12.450|
mux_flag       |data_out<77>   |   13.280|
mux_flag       |data_out<78>   |   12.688|
mux_flag       |data_out<79>   |    9.137|
mux_flag       |data_out<80>   |    8.138|
mux_flag       |data_out<81>   |    8.737|
mux_flag       |data_out<82>   |    8.776|
mux_flag       |data_out<83>   |    8.557|
mux_flag       |data_out<84>   |    8.564|
mux_flag       |data_out<85>   |   10.240|
mux_flag       |data_out<86>   |   10.026|
mux_flag       |data_out<87>   |    9.900|
mux_flag       |data_out<88>   |    9.848|
mux_flag       |data_out<89>   |    8.867|
mux_flag       |data_out<90>   |    8.758|
mux_flag       |data_out<91>   |   12.292|
mux_flag       |data_out<92>   |   12.763|
mux_flag       |data_out<93>   |    8.946|
mux_flag       |data_out<94>   |    8.601|
mux_flag       |data_out<95>   |    8.041|
mux_flag       |data_out<96>   |    7.998|
mux_flag       |data_out<97>   |    8.754|
mux_flag       |data_out<98>   |    8.510|
mux_flag       |data_out<99>   |   11.877|
mux_flag       |data_out<100>  |    6.421|
mux_flag       |data_out<101>  |    8.240|
mux_flag       |data_out<102>  |    8.157|
mux_flag       |data_out<103>  |    7.912|
mux_flag       |data_out<104>  |    7.968|
mux_flag       |data_out<105>  |    7.774|
mux_flag       |data_out<106>  |    7.765|
mux_flag       |data_out<107>  |    6.908|
mux_flag       |data_out<108>  |    6.724|
mux_flag       |data_out<109>  |    7.669|
mux_flag       |data_out<110>  |    6.523|
mux_flag       |data_out<111>  |    6.951|
mux_flag       |data_out<112>  |    6.959|
mux_flag       |data_out<113>  |    8.098|
mux_flag       |data_out<114>  |    7.616|
mux_flag       |data_out<115>  |    7.490|
mux_flag       |data_out<116>  |    6.987|
mux_flag       |data_out<117>  |    7.852|
mux_flag       |data_out<118>  |    7.402|
mux_flag       |data_out<119>  |   11.460|
mux_flag       |data_out<120>  |    7.541|
mux_flag       |data_out<121>  |    9.059|
mux_flag       |data_out<122>  |    8.315|
mux_flag       |data_out<123>  |    8.428|
mux_flag       |data_out<124>  |    8.327|
mux_flag       |data_out<125>  |    7.701|
mux_flag       |data_out<126>  |    7.705|
mux_flag       |data_out<127>  |   12.049|
mux_flag       |data_out<128>  |   11.589|
mux_flag       |data_out<129>  |   11.471|
mux_flag       |data_out<130>  |   11.249|
mux_flag       |data_out<131>  |   10.974|
mux_flag       |data_out<132>  |   11.443|
mux_flag       |data_out<133>  |   11.720|
mux_flag       |data_out<134>  |   10.774|
mux_flag       |data_out<135>  |   11.648|
---------------+---------------+---------+


Analysis completed Wed May 22 05:21:27 2024 
--------------------------------------------------------------------------------

Trace Settings:
-------------------------
Trace Settings 

Peak Memory Usage: 1115 MB



