Running: /opt/Xilinx/14.7/ISE_DS/ISE/bin/lin64/unwrapped/fuse -intstyle ise -incremental -lib simprims_ver -lib unisims_ver -lib unimacro_ver -lib xilinxcorelib_ver -lib secureip -o /home/ise/sp/s_p_tb_isim_par.exe -prj /home/ise/sp/s_p_tb_par.prj work.s_p_tb work.glbl 
ISim P.20131013 (signature 0xfbc00daa)
Number of CPUs detected in this system: 1
Turning on mult-threading, number of parallel sub-compilation jobs: 0 
Determining compilation order of HDL files
Analyzing Verilog file "/home/ise/sp/netgen/par/s_p_timesim.v" into library work
Analyzing Verilog file "/home/ise/sp/s_p_tb.v" into library work
Starting static elaboration
Completed static elaboration
Fuse Memory Usage: 106260 KB
Fuse CPU Usage: 970 ms
Compiling module X_OPAD
Compiling module X_OBUF
Compiling module X_IPAD
Compiling module X_ZERO
Compiling module X_IBUF_INTERMDISABLE_TPWRGT(LOC=...
Compiling module X_CKBUF
Compiling module X_LUT6(INIT=64'b1111111111111111...
Compiling module ffsrce
Compiling module X_FF
Compiling module X_BUF
Compiling module X_LUT5(INIT=32'b1111111100000000...
Compiling module X_ONE
Compiling module s_p
Compiling module s_p_tb
Compiling module glbl
Time Resolution for simulation is 1ps.
Compiled 992 Verilog Units
Built simulation executable /home/ise/sp/s_p_tb_isim_par.exe
Fuse Memory Usage: 117984 KB
Fuse CPU Usage: 1720 ms
GCC CPU Usage: 1500 ms
