Release 14.7 - xst P.20131013 (lin64)
Copyright (c) 1995-2013 Xilinx, Inc.  All rights reserved.
--> 
Parameter TMPDIR set to xst/projnav.tmp


Total REAL time to Xst completion: 0.00 secs
Total CPU time to Xst completion: 0.01 secs
 
--> 
Parameter xsthdpdir set to xst


Total REAL time to Xst completion: 0.00 secs
Total CPU time to Xst completion: 0.01 secs
 
--> 
Reading design: s_p.prj

TABLE OF CONTENTS
  1) Synthesis Options Summary
  2) HDL Parsing
  3) HDL Elaboration
  4) HDL Synthesis
       4.1) HDL Synthesis Report
  5) Advanced HDL Synthesis
       5.1) Advanced HDL Synthesis Report
  6) Low Level Synthesis
  7) Partition Report
  8) Design Summary
       8.1) Primitive and Black Box Usage
       8.2) Device utilization summary
       8.3) Partition Resource Summary
       8.4) Timing Report
            8.4.1) Clock Information
            8.4.2) Asynchronous Control Signals Information
            8.4.3) Timing Summary
            8.4.4) Timing Details
            8.4.5) Cross Clock Domains Report


=========================================================================
*                      Synthesis Options Summary                        *
=========================================================================
---- Source Parameters
Input File Name                    : "s_p.prj"
Ignore Synthesis Constraint File   : NO

---- Target Parameters
Output File Name                   : "s_p"
Output Format                      : NGC
Target Device                      : xc7vx330t-2-ffg1157

---- Source Options
Top Module Name                    : s_p
Automatic FSM Extraction           : YES
FSM Encoding Algorithm             : Auto
Safe Implementation                : No
FSM Style                          : LUT
RAM Extraction                     : Yes
RAM Style                          : Auto
ROM Extraction                     : Yes
Shift Register Extraction          : YES
ROM Style                          : Auto
Resource Sharing                   : YES
Asynchronous To Synchronous        : NO
Shift Register Minimum Size        : 2
Use DSP Block                      : Auto
Automatic Register Balancing       : No

---- Target Options
LUT Combining                      : Auto
Reduce Control Sets                : Auto
Add IO Buffers                     : YES
Global Maximum Fanout              : 100000
Add Generic Clock Buffer(BUFG)     : 32
Register Duplication               : YES
Optimize Instantiated Primitives   : NO
Use Clock Enable                   : Auto
Use Synchronous Set                : Auto
Use Synchronous Reset              : Auto
Pack IO Registers into IOBs        : Auto
Equivalent register Removal        : YES

---- General Options
Optimization Goal                  : Speed
Optimization Effort                : 1
Power Reduction                    : NO
Keep Hierarchy                     : No
Netlist Hierarchy                  : As_Optimized
RTL Output                         : Yes
Global Optimization                : AllClockNets
Read Cores                         : YES
Write Timing Constraints           : NO
Cross Clock Analysis               : NO
Hierarchy Separator                : /
Bus Delimiter                      : <>
Case Specifier                     : Maintain
Slice Utilization Ratio            : 100
BRAM Utilization Ratio             : 100
DSP48 Utilization Ratio            : 100
Auto BRAM Packing                  : NO
Slice Utilization Ratio Delta      : 5

=========================================================================


=========================================================================
*                          HDL Parsing                                  *
=========================================================================
Analyzing Verilog file "/home/ise/sp/s_p.v" into library work
Parsing module <s_p>.

=========================================================================
*                            HDL Elaboration                            *
=========================================================================

Elaborating module <s_p>.
WARNING:HDLCompiler:1127 - "/home/ise/sp/s_p.v" Line 70: Assignment to s_p_flag_mux ignored, since the identifier is never used

=========================================================================
*                           HDL Synthesis                               *
=========================================================================

Synthesizing Unit <s_p>.
    Related source file is "/home/ise/sp/s_p.v".
    Found 4-bit register for signal <counter>.
    Found 1-bit register for signal <s_p_flag_out>.
    Found 136-bit register for signal <data_out_1>.
    Found 34-bit register for signal <R15>.
    Found 34-bit register for signal <R14>.
    Found 34-bit register for signal <R13>.
    Found 34-bit register for signal <R12>.
    Found 34-bit register for signal <R11>.
    Found 34-bit register for signal <R10>.
    Found 34-bit register for signal <R9>.
    Found 34-bit register for signal <R8>.
    Found 34-bit register for signal <R7>.
    Found 34-bit register for signal <R6>.
    Found 34-bit register for signal <R5>.
    Found 34-bit register for signal <R4>.
    Found 34-bit register for signal <R3>.
    Found 34-bit register for signal <R2>.
    Found 34-bit register for signal <R1>.
    Found 34-bit register for signal <R0>.
    Found 4-bit adder for signal <counter[3]_GND_1_o_add_1_OUT> created at line 55.
    Summary:
	inferred   1 Adder/Subtractor(s).
	inferred 685 D-type flip-flop(s).
	inferred   1 Multiplexer(s).
Unit <s_p> synthesized.

=========================================================================
HDL Synthesis Report

Macro Statistics
# Adders/Subtractors                                   : 1
 4-bit adder                                           : 1
# Registers                                            : 19
 1-bit register                                        : 1
 136-bit register                                      : 1
 34-bit register                                       : 16
 4-bit register                                        : 1
# Multiplexers                                         : 1
 4-bit 2-to-1 multiplexer                              : 1

=========================================================================

=========================================================================
*                       Advanced HDL Synthesis                          *
=========================================================================


Synthesizing (advanced) Unit <s_p>.
The following registers are absorbed into counter <counter>: 1 register on signal <counter>.
Unit <s_p> synthesized (advanced).

=========================================================================
Advanced HDL Synthesis Report

Macro Statistics
# Counters                                             : 1
 4-bit up counter                                      : 1
# Registers                                            : 681
 Flip-Flops                                            : 681

=========================================================================

=========================================================================
*                         Low Level Synthesis                           *
=========================================================================

Optimizing unit <s_p> ...

Mapping all equations...
Building and optimizing final netlist ...
Found area constraint ratio of 100 (+ 5) on block s_p, actual ratio is 0.
FlipFlop counter_0 has been replicated 1 time(s)

Final Macro Processing ...

=========================================================================
Final Register Report

Macro Statistics
# Registers                                            : 686
 Flip-Flops                                            : 686

=========================================================================

=========================================================================
*                           Partition Report                            *
=========================================================================

Partition Implementation Status
-------------------------------

  No Partitions were found in this design.

-------------------------------

=========================================================================
*                            Design Summary                             *
=========================================================================

Top Level Output File Name         : s_p.ngc

Primitive and Black Box Usage:
------------------------------
# BELS                             : 295
#      INV                         : 2
#      LUT2                        : 1
#      LUT3                        : 2
#      LUT4                        : 18
#      LUT5                        : 136
#      LUT6                        : 136
# FlipFlops/Latches                : 686
#      FD                          : 136
#      FDC                         : 6
#      FDE                         : 544
# Clock Buffers                    : 1
#      BUFGP                       : 1
# IO Buffers                       : 172
#      IBUF                        : 35
#      OBUF                        : 137

Device utilization summary:
---------------------------

Selected Device : 7vx330tffg1157-2 


Slice Logic Utilization: 
 Number of Slice Registers:             686  out of  408000     0%  
 Number of Slice LUTs:                  295  out of  204000     0%  
    Number used as Logic:               295  out of  204000     0%  

Slice Logic Distribution: 
 Number of LUT Flip Flop pairs used:    833
   Number with an unused Flip Flop:     147  out of    833    17%  
   Number with an unused LUT:           538  out of    833    64%  
   Number of fully used LUT-FF pairs:   148  out of    833    17%  
   Number of unique control sets:        18

IO Utilization: 
 Number of IOs:                         173
 Number of bonded IOBs:                 173  out of    600    28%  

Specific Feature Utilization:
 Number of BUFG/BUFGCTRLs:                1  out of     32     3%  

---------------------------
Partition Resource Summary:
---------------------------

  No Partitions were found in this design.

---------------------------


=========================================================================
Timing Report

NOTE: THESE TIMING NUMBERS ARE ONLY A SYNTHESIS ESTIMATE.
      FOR ACCURATE TIMING INFORMATION PLEASE REFER TO THE TRACE REPORT
      GENERATED AFTER PLACE-and-ROUTE.

Clock Information:
------------------
-----------------------------------+------------------------+-------+
Clock Signal                       | Clock buffer(FF name)  | Load  |
-----------------------------------+------------------------+-------+
clk                                | BUFGP                  | 686   |
-----------------------------------+------------------------+-------+

Asynchronous Control Signals Information:
----------------------------------------
No asynchronous control signals found in this design

Timing Summary:
---------------
Speed Grade: -2

   Minimum period: 1.844ns (Maximum Frequency: 542.318MHz)
   Minimum input arrival time before clock: 1.024ns
   Maximum output required time after clock: 0.580ns
   Maximum combinational path delay: No path found

Timing Details:
---------------
All values displayed in nanoseconds (ns)

=========================================================================
Timing constraint: Default period analysis for Clock 'clk'
  Clock period: 1.844ns (frequency: 542.318MHz)
  Total number of paths / destination ports: 5047 / 686
-------------------------------------------------------------------------
Delay:               1.844ns (Levels of Logic = 3)
  Source:            counter_3 (FF)
  Destination:       data_out_1_0 (FF)
  Source Clock:      clk rising
  Destination Clock: clk rising

  Data Path: counter_3 to data_out_1_0
                                Gate     Net
    Cell:in->out      fanout   Delay   Delay  Logical Name (Net Name)
    ----------------------------------------  ------------
     FDC:C->Q             19   0.236   0.623  counter_3 (counter_3)
     LUT4:I0->O          170   0.043   0.505  counter[3]_GND_1_o_equal_13_o<3>1 (counter[3]_GND_1_o_equal_13_o)
     LUT6:I5->O            1   0.043   0.350  counter[3]_R15[33]_select_17_OUT<0>_SW0 (N2)
     LUT5:I4->O            1   0.043   0.000  counter[3]_R15[33]_select_17_OUT<0> (counter[3]_R15[33]_select_17_OUT<135>)
     FD:D                     -0.000          data_out_1_135
    ----------------------------------------
    Total                      1.844ns (0.365ns logic, 1.479ns route)
                                       (19.8% logic, 80.2% route)

=========================================================================
Timing constraint: Default OFFSET IN BEFORE for Clock 'clk'
  Total number of paths / destination ports: 550 / 550
-------------------------------------------------------------------------
Offset:              1.024ns (Levels of Logic = 2)
  Source:            rst_n (PAD)
  Destination:       s_p_flag_out (FF)
  Destination Clock: clk rising

  Data Path: rst_n to s_p_flag_out
                                Gate     Net
    Cell:in->out      fanout   Delay   Delay  Logical Name (Net Name)
    ----------------------------------------  ------------
     IBUF:I->O             1   0.000   0.339  rst_n_IBUF (rst_n_IBUF)
     INV:I->O              6   0.054   0.367  rst_n_inv1_INV_0 (rst_n_inv)
     FDC:CLR                   0.264          s_p_flag_out
    ----------------------------------------
    Total                      1.024ns (0.318ns logic, 0.706ns route)
                                       (31.0% logic, 69.0% route)

=========================================================================
Timing constraint: Default OFFSET OUT AFTER for Clock 'clk'
  Total number of paths / destination ports: 137 / 137
-------------------------------------------------------------------------
Offset:              0.580ns (Levels of Logic = 1)
  Source:            data_out_1_135 (FF)
  Destination:       data_out_1<135> (PAD)
  Source Clock:      clk rising

  Data Path: data_out_1_135 to data_out_1<135>
                                Gate     Net
    Cell:in->out      fanout   Delay   Delay  Logical Name (Net Name)
    ----------------------------------------  ------------
     FD:C->Q               2   0.236   0.344  data_out_1_135 (data_out_1_135)
     OBUF:I->O                 0.000          data_out_1_135_OBUF (data_out_1<135>)
    ----------------------------------------
    Total                      0.580ns (0.236ns logic, 0.344ns route)
                                       (40.7% logic, 59.3% route)

=========================================================================

Cross Clock Domains Report:
--------------------------

Clock to Setup on destination clock clk
---------------+---------+---------+---------+---------+
               | Src:Rise| Src:Fall| Src:Rise| Src:Fall|
Source Clock   |Dest:Rise|Dest:Rise|Dest:Fall|Dest:Fall|
---------------+---------+---------+---------+---------+
clk            |    1.844|         |         |         |
---------------+---------+---------+---------+---------+

=========================================================================


Total REAL time to Xst completion: 5.00 secs
Total CPU time to Xst completion: 1.98 secs
 
--> 


Total memory usage is 603284 kilobytes

Number of errors   :    0 (   0 filtered)
Number of warnings :    1 (   0 filtered)
Number of infos    :    0 (   0 filtered)

